mode: set
github.com/ReygaFitra/inc-final-project.git/usecase/bank_account_usecase.go:22.47,24.2 1 1
github.com/ReygaFitra/inc-final-project.git/usecase/bank_account_usecase.go:26.89,28.2 1 1
github.com/ReygaFitra/inc-final-project.git/usecase/bank_account_usecase.go:29.82,31.2 1 1
github.com/ReygaFitra/inc-final-project.git/usecase/bank_account_usecase.go:33.92,36.2 2 1
github.com/ReygaFitra/inc-final-project.git/usecase/bank_account_usecase.go:38.62,40.2 1 1
github.com/ReygaFitra/inc-final-project.git/usecase/bank_account_usecase.go:42.55,44.2 1 1
github.com/ReygaFitra/inc-final-project.git/usecase/bank_account_usecase.go:46.65,48.16 2 1
github.com/ReygaFitra/inc-final-project.git/usecase/bank_account_usecase.go:51.2,51.12 1 1
github.com/ReygaFitra/inc-final-project.git/usecase/bank_account_usecase.go:48.16,50.3 1 1
github.com/ReygaFitra/inc-final-project.git/usecase/bank_account_usecase.go:54.81,58.2 1 1
github.com/ReygaFitra/inc-final-project.git/usecase/card_usecase.go:22.41,24.2 1 1
github.com/ReygaFitra/inc-final-project.git/usecase/card_usecase.go:26.62,28.2 1 1
github.com/ReygaFitra/inc-final-project.git/usecase/card_usecase.go:30.70,32.2 1 1
github.com/ReygaFitra/inc-final-project.git/usecase/card_usecase.go:34.83,37.2 2 1
github.com/ReygaFitra/inc-final-project.git/usecase/card_usecase.go:39.53,41.2 1 1
github.com/ReygaFitra/inc-final-project.git/usecase/card_usecase.go:43.52,45.2 1 1
github.com/ReygaFitra/inc-final-project.git/usecase/card_usecase.go:47.56,49.16 2 1
github.com/ReygaFitra/inc-final-project.git/usecase/card_usecase.go:52.2,52.12 1 1
github.com/ReygaFitra/inc-final-project.git/usecase/card_usecase.go:49.16,51.3 1 1
github.com/ReygaFitra/inc-final-project.git/usecase/card_usecase.go:55.69,59.2 1 1
github.com/ReygaFitra/inc-final-project.git/usecase/photo_usecase.go:19.60,21.2 1 1
github.com/ReygaFitra/inc-final-project.git/usecase/photo_usecase.go:23.67,25.2 1 1
github.com/ReygaFitra/inc-final-project.git/usecase/photo_usecase.go:27.58,29.2 1 1
github.com/ReygaFitra/inc-final-project.git/usecase/photo_usecase.go:31.47,33.2 1 1
github.com/ReygaFitra/inc-final-project.git/usecase/photo_usecase.go:35.73,39.2 1 1
github.com/ReygaFitra/inc-final-project.git/usecase/tx_usecase.go:25.83,27.2 1 1
github.com/ReygaFitra/inc-final-project.git/usecase/tx_usecase.go:29.87,31.2 1 1
github.com/ReygaFitra/inc-final-project.git/usecase/tx_usecase.go:32.91,34.16 2 1
github.com/ReygaFitra/inc-final-project.git/usecase/tx_usecase.go:39.2,41.16 3 1
github.com/ReygaFitra/inc-final-project.git/usecase/tx_usecase.go:46.2,48.16 3 1
github.com/ReygaFitra/inc-final-project.git/usecase/tx_usecase.go:52.2,53.16 2 1
github.com/ReygaFitra/inc-final-project.git/usecase/tx_usecase.go:57.2,57.12 1 1
github.com/ReygaFitra/inc-final-project.git/usecase/tx_usecase.go:34.16,36.3 1 1
github.com/ReygaFitra/inc-final-project.git/usecase/tx_usecase.go:41.16,43.3 1 1
github.com/ReygaFitra/inc-final-project.git/usecase/tx_usecase.go:48.16,50.3 1 1
github.com/ReygaFitra/inc-final-project.git/usecase/tx_usecase.go:53.16,55.3 1 1
github.com/ReygaFitra/inc-final-project.git/usecase/tx_usecase.go:60.91,62.16 2 1
github.com/ReygaFitra/inc-final-project.git/usecase/tx_usecase.go:67.2,69.16 3 1
github.com/ReygaFitra/inc-final-project.git/usecase/tx_usecase.go:73.2,75.16 3 1
github.com/ReygaFitra/inc-final-project.git/usecase/tx_usecase.go:82.2,83.16 2 1
github.com/ReygaFitra/inc-final-project.git/usecase/tx_usecase.go:87.2,87.12 1 1
github.com/ReygaFitra/inc-final-project.git/usecase/tx_usecase.go:62.16,64.3 1 1
github.com/ReygaFitra/inc-final-project.git/usecase/tx_usecase.go:69.16,71.3 1 1
github.com/ReygaFitra/inc-final-project.git/usecase/tx_usecase.go:75.16,77.3 1 1
github.com/ReygaFitra/inc-final-project.git/usecase/tx_usecase.go:83.16,85.3 1 1
github.com/ReygaFitra/inc-final-project.git/usecase/tx_usecase.go:90.94,92.16 2 1
github.com/ReygaFitra/inc-final-project.git/usecase/tx_usecase.go:97.2,97.39 1 1
github.com/ReygaFitra/inc-final-project.git/usecase/tx_usecase.go:102.2,104.16 3 1
github.com/ReygaFitra/inc-final-project.git/usecase/tx_usecase.go:109.2,110.16 2 1
github.com/ReygaFitra/inc-final-project.git/usecase/tx_usecase.go:114.2,114.12 1 1
github.com/ReygaFitra/inc-final-project.git/usecase/tx_usecase.go:92.16,94.3 1 1
github.com/ReygaFitra/inc-final-project.git/usecase/tx_usecase.go:97.39,99.3 1 1
github.com/ReygaFitra/inc-final-project.git/usecase/tx_usecase.go:104.16,106.3 1 1
github.com/ReygaFitra/inc-final-project.git/usecase/tx_usecase.go:110.16,112.3 1 1
github.com/ReygaFitra/inc-final-project.git/usecase/tx_usecase.go:117.115,121.16 3 1
github.com/ReygaFitra/inc-final-project.git/usecase/tx_usecase.go:125.2,125.29 1 1
github.com/ReygaFitra/inc-final-project.git/usecase/tx_usecase.go:130.2,132.16 3 1
github.com/ReygaFitra/inc-final-project.git/usecase/tx_usecase.go:137.2,139.16 3 1
github.com/ReygaFitra/inc-final-project.git/usecase/tx_usecase.go:144.2,149.56 2 1
github.com/ReygaFitra/inc-final-project.git/usecase/tx_usecase.go:121.16,123.3 1 1
github.com/ReygaFitra/inc-final-project.git/usecase/tx_usecase.go:125.29,127.3 1 1
github.com/ReygaFitra/inc-final-project.git/usecase/tx_usecase.go:132.16,134.3 1 1
github.com/ReygaFitra/inc-final-project.git/usecase/tx_usecase.go:139.16,141.3 1 1
github.com/ReygaFitra/inc-final-project.git/usecase/tx_usecase.go:152.87,154.16 2 1
github.com/ReygaFitra/inc-final-project.git/usecase/tx_usecase.go:159.2,160.16 2 1
github.com/ReygaFitra/inc-final-project.git/usecase/tx_usecase.go:165.2,166.36 2 1
github.com/ReygaFitra/inc-final-project.git/usecase/tx_usecase.go:174.2,174.26 1 1
github.com/ReygaFitra/inc-final-project.git/usecase/tx_usecase.go:179.2,179.46 1 1
github.com/ReygaFitra/inc-final-project.git/usecase/tx_usecase.go:184.2,184.36 1 1
github.com/ReygaFitra/inc-final-project.git/usecase/tx_usecase.go:189.2,191.16 3 1
github.com/ReygaFitra/inc-final-project.git/usecase/tx_usecase.go:196.2,197.16 2 1
github.com/ReygaFitra/inc-final-project.git/usecase/tx_usecase.go:201.2,201.12 1 1
github.com/ReygaFitra/inc-final-project.git/usecase/tx_usecase.go:154.16,156.3 1 1
github.com/ReygaFitra/inc-final-project.git/usecase/tx_usecase.go:160.16,162.3 1 1
github.com/ReygaFitra/inc-final-project.git/usecase/tx_usecase.go:166.36,167.46 1 1
github.com/ReygaFitra/inc-final-project.git/usecase/tx_usecase.go:167.46,169.9 2 1
github.com/ReygaFitra/inc-final-project.git/usecase/tx_usecase.go:174.26,176.3 1 1
github.com/ReygaFitra/inc-final-project.git/usecase/tx_usecase.go:179.46,181.3 1 1
github.com/ReygaFitra/inc-final-project.git/usecase/tx_usecase.go:184.36,186.3 1 1
github.com/ReygaFitra/inc-final-project.git/usecase/tx_usecase.go:191.16,193.3 1 1
github.com/ReygaFitra/inc-final-project.git/usecase/tx_usecase.go:197.16,199.3 1 1
github.com/ReygaFitra/inc-final-project.git/usecase/tx_usecase.go:204.133,209.2 1 1
github.com/ReygaFitra/inc-final-project.git/usecase/user_usecase.go:28.89,31.16 2 1
github.com/ReygaFitra/inc-final-project.git/usecase/user_usecase.go:36.2,37.16 2 1
github.com/ReygaFitra/inc-final-project.git/usecase/user_usecase.go:40.2,40.120 1 0
github.com/ReygaFitra/inc-final-project.git/usecase/user_usecase.go:31.16,33.3 1 1
github.com/ReygaFitra/inc-final-project.git/usecase/user_usecase.go:37.16,39.3 1 1
github.com/ReygaFitra/inc-final-project.git/usecase/user_usecase.go:43.40,45.2 1 1
github.com/ReygaFitra/inc-final-project.git/usecase/user_usecase.go:47.85,49.2 1 1
github.com/ReygaFitra/inc-final-project.git/usecase/user_usecase.go:51.63,53.2 1 1
github.com/ReygaFitra/inc-final-project.git/usecase/user_usecase.go:55.70,57.2 1 1
github.com/ReygaFitra/inc-final-project.git/usecase/user_usecase.go:59.67,61.16 2 1
github.com/ReygaFitra/inc-final-project.git/usecase/user_usecase.go:64.2,65.46 2 1
github.com/ReygaFitra/inc-final-project.git/usecase/user_usecase.go:61.16,63.3 1 0
github.com/ReygaFitra/inc-final-project.git/usecase/user_usecase.go:68.61,71.2 1 1
github.com/ReygaFitra/inc-final-project.git/usecase/user_usecase.go:73.55,75.2 1 1
github.com/ReygaFitra/inc-final-project.git/usecase/user_usecase.go:77.69,81.2 1 1
github.com/ReygaFitra/inc-final-project.git/controller/tx_controller.go:23.69,26.16 2 1
github.com/ReygaFitra/inc-final-project.git/controller/tx_controller.go:30.2,34.16 3 1
github.com/ReygaFitra/inc-final-project.git/controller/tx_controller.go:41.2,42.16 2 1
github.com/ReygaFitra/inc-final-project.git/controller/tx_controller.go:49.2,50.16 2 1
github.com/ReygaFitra/inc-final-project.git/controller/tx_controller.go:57.2,57.36 1 1
github.com/ReygaFitra/inc-final-project.git/controller/tx_controller.go:65.2,66.53 2 1
github.com/ReygaFitra/inc-final-project.git/controller/tx_controller.go:73.2,77.64 3 1
github.com/ReygaFitra/inc-final-project.git/controller/tx_controller.go:84.2,85.103 2 1
github.com/ReygaFitra/inc-final-project.git/controller/tx_controller.go:26.16,28.3 1 0
github.com/ReygaFitra/inc-final-project.git/controller/tx_controller.go:34.16,38.3 3 1
github.com/ReygaFitra/inc-final-project.git/controller/tx_controller.go:42.16,46.3 3 1
github.com/ReygaFitra/inc-final-project.git/controller/tx_controller.go:50.16,54.3 3 1
github.com/ReygaFitra/inc-final-project.git/controller/tx_controller.go:57.36,62.3 3 1
github.com/ReygaFitra/inc-final-project.git/controller/tx_controller.go:66.53,70.3 3 1
github.com/ReygaFitra/inc-final-project.git/controller/tx_controller.go:77.64,81.3 3 1
github.com/ReygaFitra/inc-final-project.git/controller/tx_controller.go:88.69,90.16 2 1
github.com/ReygaFitra/inc-final-project.git/controller/tx_controller.go:94.2,98.16 3 1
github.com/ReygaFitra/inc-final-project.git/controller/tx_controller.go:103.2,104.16 2 1
github.com/ReygaFitra/inc-final-project.git/controller/tx_controller.go:109.2,110.16 2 1
github.com/ReygaFitra/inc-final-project.git/controller/tx_controller.go:116.2,116.36 1 1
github.com/ReygaFitra/inc-final-project.git/controller/tx_controller.go:123.2,124.53 2 1
github.com/ReygaFitra/inc-final-project.git/controller/tx_controller.go:131.2,135.64 3 1
github.com/ReygaFitra/inc-final-project.git/controller/tx_controller.go:142.2,143.103 2 1
github.com/ReygaFitra/inc-final-project.git/controller/tx_controller.go:90.16,92.3 1 0
github.com/ReygaFitra/inc-final-project.git/controller/tx_controller.go:98.16,102.3 3 1
github.com/ReygaFitra/inc-final-project.git/controller/tx_controller.go:104.16,108.3 3 1
github.com/ReygaFitra/inc-final-project.git/controller/tx_controller.go:110.16,114.3 3 1
github.com/ReygaFitra/inc-final-project.git/controller/tx_controller.go:116.36,120.3 3 1
github.com/ReygaFitra/inc-final-project.git/controller/tx_controller.go:124.53,128.3 3 1
github.com/ReygaFitra/inc-final-project.git/controller/tx_controller.go:135.64,139.3 3 1
github.com/ReygaFitra/inc-final-project.git/controller/tx_controller.go:146.68,148.16 2 1
github.com/ReygaFitra/inc-final-project.git/controller/tx_controller.go:152.2,156.16 3 1
github.com/ReygaFitra/inc-final-project.git/controller/tx_controller.go:161.2,162.16 2 1
github.com/ReygaFitra/inc-final-project.git/controller/tx_controller.go:169.2,170.16 2 1
github.com/ReygaFitra/inc-final-project.git/controller/tx_controller.go:175.2,175.36 1 1
github.com/ReygaFitra/inc-final-project.git/controller/tx_controller.go:182.2,183.53 2 1
github.com/ReygaFitra/inc-final-project.git/controller/tx_controller.go:190.2,193.63 2 1
github.com/ReygaFitra/inc-final-project.git/controller/tx_controller.go:204.2,205.106 2 1
github.com/ReygaFitra/inc-final-project.git/controller/tx_controller.go:148.16,150.3 1 0
github.com/ReygaFitra/inc-final-project.git/controller/tx_controller.go:156.16,160.3 3 1
github.com/ReygaFitra/inc-final-project.git/controller/tx_controller.go:162.16,166.3 3 1
github.com/ReygaFitra/inc-final-project.git/controller/tx_controller.go:170.16,174.3 3 1
github.com/ReygaFitra/inc-final-project.git/controller/tx_controller.go:175.36,179.3 3 1
github.com/ReygaFitra/inc-final-project.git/controller/tx_controller.go:183.53,187.3 3 1
github.com/ReygaFitra/inc-final-project.git/controller/tx_controller.go:193.63,194.44 1 1
github.com/ReygaFitra/inc-final-project.git/controller/tx_controller.go:194.44,198.4 3 1
github.com/ReygaFitra/inc-final-project.git/controller/tx_controller.go:198.9,202.4 3 1
github.com/ReygaFitra/inc-final-project.git/controller/tx_controller.go:208.77,210.16 2 1
github.com/ReygaFitra/inc-final-project.git/controller/tx_controller.go:214.2,218.51 3 1
github.com/ReygaFitra/inc-final-project.git/controller/tx_controller.go:224.2,225.16 2 1
github.com/ReygaFitra/inc-final-project.git/controller/tx_controller.go:232.2,233.16 2 1
github.com/ReygaFitra/inc-final-project.git/controller/tx_controller.go:239.2,240.16 2 1
github.com/ReygaFitra/inc-final-project.git/controller/tx_controller.go:247.2,248.16 2 1
github.com/ReygaFitra/inc-final-project.git/controller/tx_controller.go:254.2,255.68 2 1
github.com/ReygaFitra/inc-final-project.git/controller/tx_controller.go:210.16,212.3 1 0
github.com/ReygaFitra/inc-final-project.git/controller/tx_controller.go:218.51,222.3 3 1
github.com/ReygaFitra/inc-final-project.git/controller/tx_controller.go:225.16,229.3 3 1
github.com/ReygaFitra/inc-final-project.git/controller/tx_controller.go:233.16,237.3 3 1
github.com/ReygaFitra/inc-final-project.git/controller/tx_controller.go:240.16,244.3 3 1
github.com/ReygaFitra/inc-final-project.git/controller/tx_controller.go:248.16,252.3 3 1
github.com/ReygaFitra/inc-final-project.git/controller/tx_controller.go:258.75,260.16 2 1
github.com/ReygaFitra/inc-final-project.git/controller/tx_controller.go:264.2,268.16 3 1
github.com/ReygaFitra/inc-final-project.git/controller/tx_controller.go:273.2,274.16 2 1
github.com/ReygaFitra/inc-final-project.git/controller/tx_controller.go:281.2,282.16 2 1
github.com/ReygaFitra/inc-final-project.git/controller/tx_controller.go:291.2,292.52 2 1
github.com/ReygaFitra/inc-final-project.git/controller/tx_controller.go:297.2,302.16 4 1
github.com/ReygaFitra/inc-final-project.git/controller/tx_controller.go:308.2,309.103 2 1
github.com/ReygaFitra/inc-final-project.git/controller/tx_controller.go:260.16,262.3 1 0
github.com/ReygaFitra/inc-final-project.git/controller/tx_controller.go:268.16,272.3 3 1
github.com/ReygaFitra/inc-final-project.git/controller/tx_controller.go:274.16,280.3 3 1
github.com/ReygaFitra/inc-final-project.git/controller/tx_controller.go:282.16,288.3 3 1
github.com/ReygaFitra/inc-final-project.git/controller/tx_controller.go:292.52,296.3 3 1
github.com/ReygaFitra/inc-final-project.git/controller/tx_controller.go:302.16,306.3 3 1
github.com/ReygaFitra/inc-final-project.git/controller/tx_controller.go:312.67,314.16 2 1
github.com/ReygaFitra/inc-final-project.git/controller/tx_controller.go:318.2,321.16 3 1
github.com/ReygaFitra/inc-final-project.git/controller/tx_controller.go:328.2,329.16 2 1
github.com/ReygaFitra/inc-final-project.git/controller/tx_controller.go:335.2,336.16 2 1
github.com/ReygaFitra/inc-final-project.git/controller/tx_controller.go:342.2,343.60 2 1
github.com/ReygaFitra/inc-final-project.git/controller/tx_controller.go:314.16,316.3 1 0
github.com/ReygaFitra/inc-final-project.git/controller/tx_controller.go:321.16,325.3 3 1
github.com/ReygaFitra/inc-final-project.git/controller/tx_controller.go:329.16,333.3 3 1
github.com/ReygaFitra/inc-final-project.git/controller/tx_controller.go:336.16,340.3 3 1
github.com/ReygaFitra/inc-final-project.git/controller/tx_controller.go:346.165,354.2 2 1
github.com/ReygaFitra/inc-final-project.git/controller/user_controller.go:21.54,24.16 2 0
github.com/ReygaFitra/inc-final-project.git/controller/user_controller.go:28.2,31.16 3 0
github.com/ReygaFitra/inc-final-project.git/controller/user_controller.go:37.2,38.60 2 0
github.com/ReygaFitra/inc-final-project.git/controller/user_controller.go:24.16,26.3 1 0
github.com/ReygaFitra/inc-final-project.git/controller/user_controller.go:31.16,35.3 3 0
github.com/ReygaFitra/inc-final-project.git/controller/user_controller.go:41.63,44.16 2 0
github.com/ReygaFitra/inc-final-project.git/controller/user_controller.go:48.2,51.16 4 0
github.com/ReygaFitra/inc-final-project.git/controller/user_controller.go:56.2,57.60 2 0
github.com/ReygaFitra/inc-final-project.git/controller/user_controller.go:44.16,46.3 1 0
github.com/ReygaFitra/inc-final-project.git/controller/user_controller.go:51.16,55.3 3 0
github.com/ReygaFitra/inc-final-project.git/controller/user_controller.go:60.53,63.16 2 0
github.com/ReygaFitra/inc-final-project.git/controller/user_controller.go:67.2,69.47 3 0
github.com/ReygaFitra/inc-final-project.git/controller/user_controller.go:75.2,75.154 1 0
github.com/ReygaFitra/inc-final-project.git/controller/user_controller.go:81.2,82.16 2 0
github.com/ReygaFitra/inc-final-project.git/controller/user_controller.go:88.2,89.65 2 0
github.com/ReygaFitra/inc-final-project.git/controller/user_controller.go:63.16,65.3 1 0
github.com/ReygaFitra/inc-final-project.git/controller/user_controller.go:69.47,73.3 3 0
github.com/ReygaFitra/inc-final-project.git/controller/user_controller.go:75.154,79.3 3 0
github.com/ReygaFitra/inc-final-project.git/controller/user_controller.go:82.16,86.3 3 0
github.com/ReygaFitra/inc-final-project.git/controller/user_controller.go:92.62,95.16 2 0
github.com/ReygaFitra/inc-final-project.git/controller/user_controller.go:99.2,103.16 4 0
github.com/ReygaFitra/inc-final-project.git/controller/user_controller.go:110.2,111.25 2 0
github.com/ReygaFitra/inc-final-project.git/controller/user_controller.go:118.2,119.64 2 0
github.com/ReygaFitra/inc-final-project.git/controller/user_controller.go:126.2,126.43 1 0
github.com/ReygaFitra/inc-final-project.git/controller/user_controller.go:133.2,134.23 2 0
github.com/ReygaFitra/inc-final-project.git/controller/user_controller.go:139.2,140.68 2 0
github.com/ReygaFitra/inc-final-project.git/controller/user_controller.go:95.16,97.3 1 0
github.com/ReygaFitra/inc-final-project.git/controller/user_controller.go:103.16,107.3 3 0
github.com/ReygaFitra/inc-final-project.git/controller/user_controller.go:111.25,115.3 3 0
github.com/ReygaFitra/inc-final-project.git/controller/user_controller.go:119.64,123.3 3 0
github.com/ReygaFitra/inc-final-project.git/controller/user_controller.go:126.43,130.3 3 0
github.com/ReygaFitra/inc-final-project.git/controller/user_controller.go:134.23,138.3 3 0
github.com/ReygaFitra/inc-final-project.git/controller/user_controller.go:143.56,146.16 2 0
github.com/ReygaFitra/inc-final-project.git/controller/user_controller.go:150.2,154.16 4 0
github.com/ReygaFitra/inc-final-project.git/controller/user_controller.go:161.2,162.25 2 0
github.com/ReygaFitra/inc-final-project.git/controller/user_controller.go:169.2,170.64 2 0
github.com/ReygaFitra/inc-final-project.git/controller/user_controller.go:177.2,177.43 1 0
github.com/ReygaFitra/inc-final-project.git/controller/user_controller.go:184.2,185.23 2 0
github.com/ReygaFitra/inc-final-project.git/controller/user_controller.go:191.2,192.68 2 0
github.com/ReygaFitra/inc-final-project.git/controller/user_controller.go:146.16,148.3 1 0
github.com/ReygaFitra/inc-final-project.git/controller/user_controller.go:154.16,158.3 3 0
github.com/ReygaFitra/inc-final-project.git/controller/user_controller.go:162.25,166.3 3 0
github.com/ReygaFitra/inc-final-project.git/controller/user_controller.go:170.64,174.3 3 0
github.com/ReygaFitra/inc-final-project.git/controller/user_controller.go:177.43,181.3 3 0
github.com/ReygaFitra/inc-final-project.git/controller/user_controller.go:185.23,189.3 3 0
github.com/ReygaFitra/inc-final-project.git/controller/user_controller.go:195.50,198.16 2 0
github.com/ReygaFitra/inc-final-project.git/controller/user_controller.go:202.2,210.60 6 0
github.com/ReygaFitra/inc-final-project.git/controller/user_controller.go:198.16,200.3 1 0
github.com/ReygaFitra/inc-final-project.git/controller/user_controller.go:213.70,218.2 2 0
github.com/ReygaFitra/inc-final-project.git/controller/auth.go:24.61,26.16 2 0
github.com/ReygaFitra/inc-final-project.git/controller/auth.go:30.2,45.16 11 0
github.com/ReygaFitra/inc-final-project.git/controller/auth.go:50.2,52.25 2 0
github.com/ReygaFitra/inc-final-project.git/controller/auth.go:26.16,28.3 1 0
github.com/ReygaFitra/inc-final-project.git/controller/auth.go:45.16,48.3 2 0
github.com/ReygaFitra/inc-final-project.git/controller/auth.go:55.39,57.16 2 0
github.com/ReygaFitra/inc-final-project.git/controller/auth.go:61.2,62.30 2 0
github.com/ReygaFitra/inc-final-project.git/controller/auth.go:57.16,59.3 1 0
github.com/ReygaFitra/inc-final-project.git/controller/auth.go:62.30,65.24 2 0
github.com/ReygaFitra/inc-final-project.git/controller/auth.go:72.3,72.112 1 0
github.com/ReygaFitra/inc-final-project.git/controller/auth.go:78.3,78.33 1 0
github.com/ReygaFitra/inc-final-project.git/controller/auth.go:85.3,87.10 3 0
github.com/ReygaFitra/inc-final-project.git/controller/auth.go:93.3,94.10 2 0
github.com/ReygaFitra/inc-final-project.git/controller/auth.go:100.3,101.10 2 0
github.com/ReygaFitra/inc-final-project.git/controller/auth.go:107.3,108.30 2 0
github.com/ReygaFitra/inc-final-project.git/controller/auth.go:115.3,120.43 5 0
github.com/ReygaFitra/inc-final-project.git/controller/auth.go:65.24,70.4 4 0
github.com/ReygaFitra/inc-final-project.git/controller/auth.go:72.112,76.4 2 0
github.com/ReygaFitra/inc-final-project.git/controller/auth.go:78.33,83.4 4 0
github.com/ReygaFitra/inc-final-project.git/controller/auth.go:87.10,92.4 4 0
github.com/ReygaFitra/inc-final-project.git/controller/auth.go:94.10,99.4 4 0
github.com/ReygaFitra/inc-final-project.git/controller/auth.go:101.10,106.4 4 0
github.com/ReygaFitra/inc-final-project.git/controller/auth.go:108.30,113.4 4 0
github.com/ReygaFitra/inc-final-project.git/controller/auth.go:124.43,126.16 2 0
github.com/ReygaFitra/inc-final-project.git/controller/auth.go:130.2,133.48 3 0
github.com/ReygaFitra/inc-final-project.git/controller/auth.go:140.2,141.16 2 0
github.com/ReygaFitra/inc-final-project.git/controller/auth.go:149.2,150.16 2 0
github.com/ReygaFitra/inc-final-project.git/controller/auth.go:157.2,158.16 2 0
github.com/ReygaFitra/inc-final-project.git/controller/auth.go:166.2,167.38 2 0
github.com/ReygaFitra/inc-final-project.git/controller/auth.go:126.16,128.3 1 0
github.com/ReygaFitra/inc-final-project.git/controller/auth.go:133.48,137.3 3 0
github.com/ReygaFitra/inc-final-project.git/controller/auth.go:141.16,146.3 4 0
github.com/ReygaFitra/inc-final-project.git/controller/auth.go:150.16,154.3 3 0
github.com/ReygaFitra/inc-final-project.git/controller/auth.go:158.16,163.3 4 0
github.com/ReygaFitra/inc-final-project.git/controller/auth.go:170.52,176.2 2 0
github.com/ReygaFitra/inc-final-project.git/controller/auth.go:178.41,180.16 2 0
github.com/ReygaFitra/inc-final-project.git/controller/auth.go:184.2,185.30 2 0
github.com/ReygaFitra/inc-final-project.git/controller/auth.go:180.16,182.3 1 0
github.com/ReygaFitra/inc-final-project.git/controller/auth.go:185.30,190.24 2 0
github.com/ReygaFitra/inc-final-project.git/controller/auth.go:197.3,197.112 1 0
github.com/ReygaFitra/inc-final-project.git/controller/auth.go:202.3,202.33 1 0
github.com/ReygaFitra/inc-final-project.git/controller/auth.go:210.3,212.10 3 0
github.com/ReygaFitra/inc-final-project.git/controller/auth.go:218.3,219.10 2 0
github.com/ReygaFitra/inc-final-project.git/controller/auth.go:225.3,226.10 2 0
github.com/ReygaFitra/inc-final-project.git/controller/auth.go:232.3,233.17 2 0
github.com/ReygaFitra/inc-final-project.git/controller/auth.go:239.3,239.29 1 0
github.com/ReygaFitra/inc-final-project.git/controller/auth.go:246.3,251.43 5 0
github.com/ReygaFitra/inc-final-project.git/controller/auth.go:190.24,195.4 4 0
github.com/ReygaFitra/inc-final-project.git/controller/auth.go:197.112,200.4 2 0
github.com/ReygaFitra/inc-final-project.git/controller/auth.go:202.33,208.4 4 0
github.com/ReygaFitra/inc-final-project.git/controller/auth.go:212.10,217.4 4 0
github.com/ReygaFitra/inc-final-project.git/controller/auth.go:219.10,224.4 4 0
github.com/ReygaFitra/inc-final-project.git/controller/auth.go:226.10,231.4 4 0
github.com/ReygaFitra/inc-final-project.git/controller/auth.go:233.17,238.4 4 0
github.com/ReygaFitra/inc-final-project.git/controller/auth.go:239.29,244.4 4 0
github.com/ReygaFitra/inc-final-project.git/controller/auth.go:255.43,257.16 2 0
github.com/ReygaFitra/inc-final-project.git/controller/auth.go:261.2,262.30 2 0
github.com/ReygaFitra/inc-final-project.git/controller/auth.go:257.16,259.3 1 0
github.com/ReygaFitra/inc-final-project.git/controller/auth.go:262.30,265.24 2 0
github.com/ReygaFitra/inc-final-project.git/controller/auth.go:272.3,272.112 1 0
github.com/ReygaFitra/inc-final-project.git/controller/auth.go:277.3,277.33 1 0
github.com/ReygaFitra/inc-final-project.git/controller/auth.go:284.3,286.10 3 0
github.com/ReygaFitra/inc-final-project.git/controller/auth.go:292.3,293.10 2 0
github.com/ReygaFitra/inc-final-project.git/controller/auth.go:299.3,300.10 2 0
github.com/ReygaFitra/inc-final-project.git/controller/auth.go:307.3,307.23 1 0
github.com/ReygaFitra/inc-final-project.git/controller/auth.go:314.3,319.43 5 0
github.com/ReygaFitra/inc-final-project.git/controller/auth.go:265.24,270.4 4 0
github.com/ReygaFitra/inc-final-project.git/controller/auth.go:272.112,275.4 2 0
github.com/ReygaFitra/inc-final-project.git/controller/auth.go:277.33,282.4 4 0
github.com/ReygaFitra/inc-final-project.git/controller/auth.go:286.10,291.4 4 0
github.com/ReygaFitra/inc-final-project.git/controller/auth.go:293.10,298.4 4 0
github.com/ReygaFitra/inc-final-project.git/controller/auth.go:300.10,305.4 4 0
github.com/ReygaFitra/inc-final-project.git/controller/auth.go:307.23,312.4 4 0
github.com/ReygaFitra/inc-final-project.git/controller/bank_account_controller.go:21.62,24.16 2 0
github.com/ReygaFitra/inc-final-project.git/controller/bank_account_controller.go:28.2,31.19 3 0
github.com/ReygaFitra/inc-final-project.git/controller/bank_account_controller.go:38.2,39.63 2 0
github.com/ReygaFitra/inc-final-project.git/controller/bank_account_controller.go:24.16,26.3 1 0
github.com/ReygaFitra/inc-final-project.git/controller/bank_account_controller.go:31.19,36.3 3 0
github.com/ReygaFitra/inc-final-project.git/controller/bank_account_controller.go:43.67,45.16 2 0
github.com/ReygaFitra/inc-final-project.git/controller/bank_account_controller.go:49.2,52.16 3 0
github.com/ReygaFitra/inc-final-project.git/controller/bank_account_controller.go:58.2,59.16 2 0
github.com/ReygaFitra/inc-final-project.git/controller/bank_account_controller.go:65.2,67.49 2 0
github.com/ReygaFitra/inc-final-project.git/controller/bank_account_controller.go:45.16,47.3 1 0
github.com/ReygaFitra/inc-final-project.git/controller/bank_account_controller.go:52.16,56.3 3 0
github.com/ReygaFitra/inc-final-project.git/controller/bank_account_controller.go:59.16,63.3 3 0
github.com/ReygaFitra/inc-final-project.git/controller/bank_account_controller.go:71.70,73.16 2 0
github.com/ReygaFitra/inc-final-project.git/controller/bank_account_controller.go:77.2,80.16 3 0
github.com/ReygaFitra/inc-final-project.git/controller/bank_account_controller.go:86.2,87.25 2 0
github.com/ReygaFitra/inc-final-project.git/controller/bank_account_controller.go:93.2,94.69 2 0
github.com/ReygaFitra/inc-final-project.git/controller/bank_account_controller.go:73.16,75.3 1 0
github.com/ReygaFitra/inc-final-project.git/controller/bank_account_controller.go:80.16,84.3 3 0
github.com/ReygaFitra/inc-final-project.git/controller/bank_account_controller.go:87.25,92.3 3 0
github.com/ReygaFitra/inc-final-project.git/controller/bank_account_controller.go:98.65,100.16 2 0
github.com/ReygaFitra/inc-final-project.git/controller/bank_account_controller.go:104.2,107.13 3 0
github.com/ReygaFitra/inc-final-project.git/controller/bank_account_controller.go:113.2,115.16 3 0
github.com/ReygaFitra/inc-final-project.git/controller/bank_account_controller.go:121.2,121.103 1 0
github.com/ReygaFitra/inc-final-project.git/controller/bank_account_controller.go:127.2,128.16 2 0
github.com/ReygaFitra/inc-final-project.git/controller/bank_account_controller.go:134.2,135.63 2 0
github.com/ReygaFitra/inc-final-project.git/controller/bank_account_controller.go:100.16,102.3 1 0
github.com/ReygaFitra/inc-final-project.git/controller/bank_account_controller.go:107.13,111.3 3 0
github.com/ReygaFitra/inc-final-project.git/controller/bank_account_controller.go:115.16,119.3 3 0
github.com/ReygaFitra/inc-final-project.git/controller/bank_account_controller.go:121.103,125.3 3 0
github.com/ReygaFitra/inc-final-project.git/controller/bank_account_controller.go:128.16,132.3 3 0
github.com/ReygaFitra/inc-final-project.git/controller/bank_account_controller.go:138.52,140.16 2 0
github.com/ReygaFitra/inc-final-project.git/controller/bank_account_controller.go:144.2,147.16 3 0
github.com/ReygaFitra/inc-final-project.git/controller/bank_account_controller.go:153.2,154.25 2 0
github.com/ReygaFitra/inc-final-project.git/controller/bank_account_controller.go:160.2,161.64 2 0
github.com/ReygaFitra/inc-final-project.git/controller/bank_account_controller.go:167.2,167.43 1 0
github.com/ReygaFitra/inc-final-project.git/controller/bank_account_controller.go:173.2,173.85 1 0
github.com/ReygaFitra/inc-final-project.git/controller/bank_account_controller.go:179.2,181.67 3 0
github.com/ReygaFitra/inc-final-project.git/controller/bank_account_controller.go:140.16,142.3 1 0
github.com/ReygaFitra/inc-final-project.git/controller/bank_account_controller.go:147.16,151.3 3 0
github.com/ReygaFitra/inc-final-project.git/controller/bank_account_controller.go:154.25,158.3 3 0
github.com/ReygaFitra/inc-final-project.git/controller/bank_account_controller.go:161.64,165.3 3 0
github.com/ReygaFitra/inc-final-project.git/controller/bank_account_controller.go:167.43,171.3 3 0
github.com/ReygaFitra/inc-final-project.git/controller/bank_account_controller.go:173.85,177.3 3 0
github.com/ReygaFitra/inc-final-project.git/controller/bank_account_controller.go:184.56,186.16 2 0
github.com/ReygaFitra/inc-final-project.git/controller/bank_account_controller.go:190.2,193.16 3 0
github.com/ReygaFitra/inc-final-project.git/controller/bank_account_controller.go:199.2,204.60 4 0
github.com/ReygaFitra/inc-final-project.git/controller/bank_account_controller.go:186.16,188.3 1 0
github.com/ReygaFitra/inc-final-project.git/controller/bank_account_controller.go:193.16,197.3 3 0
github.com/ReygaFitra/inc-final-project.git/controller/bank_account_controller.go:207.64,209.16 2 0
github.com/ReygaFitra/inc-final-project.git/controller/bank_account_controller.go:213.2,216.16 3 0
github.com/ReygaFitra/inc-final-project.git/controller/bank_account_controller.go:222.2,223.16 2 0
github.com/ReygaFitra/inc-final-project.git/controller/bank_account_controller.go:228.2,229.92 2 0
github.com/ReygaFitra/inc-final-project.git/controller/bank_account_controller.go:209.16,211.3 1 0
github.com/ReygaFitra/inc-final-project.git/controller/bank_account_controller.go:216.16,220.3 3 0
github.com/ReygaFitra/inc-final-project.git/controller/bank_account_controller.go:223.16,227.3 3 0
github.com/ReygaFitra/inc-final-project.git/controller/bank_account_controller.go:232.72,237.2 2 0
github.com/ReygaFitra/inc-final-project.git/controller/card_controller.go:21.56,24.16 2 0
github.com/ReygaFitra/inc-final-project.git/controller/card_controller.go:28.2,31.19 3 0
github.com/ReygaFitra/inc-final-project.git/controller/card_controller.go:37.2,38.63 2 0
github.com/ReygaFitra/inc-final-project.git/controller/card_controller.go:24.16,26.3 1 0
github.com/ReygaFitra/inc-final-project.git/controller/card_controller.go:31.19,35.3 3 0
github.com/ReygaFitra/inc-final-project.git/controller/card_controller.go:41.61,43.16 2 0
github.com/ReygaFitra/inc-final-project.git/controller/card_controller.go:47.2,50.16 3 0
github.com/ReygaFitra/inc-final-project.git/controller/card_controller.go:57.2,58.25 2 0
github.com/ReygaFitra/inc-final-project.git/controller/card_controller.go:64.2,65.69 2 0
github.com/ReygaFitra/inc-final-project.git/controller/card_controller.go:43.16,45.3 1 0
github.com/ReygaFitra/inc-final-project.git/controller/card_controller.go:50.16,55.3 2 0
github.com/ReygaFitra/inc-final-project.git/controller/card_controller.go:58.25,62.3 3 0
github.com/ReygaFitra/inc-final-project.git/controller/card_controller.go:68.61,70.16 2 0
github.com/ReygaFitra/inc-final-project.git/controller/card_controller.go:74.2,77.16 3 0
github.com/ReygaFitra/inc-final-project.git/controller/card_controller.go:83.2,84.25 2 0
github.com/ReygaFitra/inc-final-project.git/controller/card_controller.go:90.2,91.69 2 0
github.com/ReygaFitra/inc-final-project.git/controller/card_controller.go:70.16,72.3 1 0
github.com/ReygaFitra/inc-final-project.git/controller/card_controller.go:77.16,81.3 3 0
github.com/ReygaFitra/inc-final-project.git/controller/card_controller.go:84.25,88.3 3 0
github.com/ReygaFitra/inc-final-project.git/controller/card_controller.go:94.57,96.16 2 0
github.com/ReygaFitra/inc-final-project.git/controller/card_controller.go:100.2,103.13 3 0
github.com/ReygaFitra/inc-final-project.git/controller/card_controller.go:109.2,111.16 3 0
github.com/ReygaFitra/inc-final-project.git/controller/card_controller.go:117.2,117.109 1 0
github.com/ReygaFitra/inc-final-project.git/controller/card_controller.go:123.2,124.16 2 0
github.com/ReygaFitra/inc-final-project.git/controller/card_controller.go:130.2,131.63 2 0
github.com/ReygaFitra/inc-final-project.git/controller/card_controller.go:96.16,98.3 1 0
github.com/ReygaFitra/inc-final-project.git/controller/card_controller.go:103.13,107.3 3 0
github.com/ReygaFitra/inc-final-project.git/controller/card_controller.go:111.16,115.3 3 0
github.com/ReygaFitra/inc-final-project.git/controller/card_controller.go:117.109,121.3 3 0
github.com/ReygaFitra/inc-final-project.git/controller/card_controller.go:124.16,128.3 3 0
github.com/ReygaFitra/inc-final-project.git/controller/card_controller.go:134.49,136.16 2 0
github.com/ReygaFitra/inc-final-project.git/controller/card_controller.go:140.2,143.16 3 0
github.com/ReygaFitra/inc-final-project.git/controller/card_controller.go:149.2,150.25 2 0
github.com/ReygaFitra/inc-final-project.git/controller/card_controller.go:156.2,157.64 2 0
github.com/ReygaFitra/inc-final-project.git/controller/card_controller.go:163.2,163.43 1 0
github.com/ReygaFitra/inc-final-project.git/controller/card_controller.go:169.2,169.97 1 0
github.com/ReygaFitra/inc-final-project.git/controller/card_controller.go:174.2,177.67 3 0
github.com/ReygaFitra/inc-final-project.git/controller/card_controller.go:136.16,138.3 1 0
github.com/ReygaFitra/inc-final-project.git/controller/card_controller.go:143.16,147.3 3 0
github.com/ReygaFitra/inc-final-project.git/controller/card_controller.go:150.25,154.3 3 0
github.com/ReygaFitra/inc-final-project.git/controller/card_controller.go:157.64,161.3 3 0
github.com/ReygaFitra/inc-final-project.git/controller/card_controller.go:163.43,167.3 3 0
github.com/ReygaFitra/inc-final-project.git/controller/card_controller.go:169.97,173.3 3 0
github.com/ReygaFitra/inc-final-project.git/controller/card_controller.go:180.53,182.16 2 0
github.com/ReygaFitra/inc-final-project.git/controller/card_controller.go:186.2,189.16 3 0
github.com/ReygaFitra/inc-final-project.git/controller/card_controller.go:194.2,200.63 4 0
github.com/ReygaFitra/inc-final-project.git/controller/card_controller.go:182.16,184.3 1 0
github.com/ReygaFitra/inc-final-project.git/controller/card_controller.go:189.16,192.3 2 0
github.com/ReygaFitra/inc-final-project.git/controller/card_controller.go:203.58,205.16 2 0
github.com/ReygaFitra/inc-final-project.git/controller/card_controller.go:209.2,212.16 3 0
github.com/ReygaFitra/inc-final-project.git/controller/card_controller.go:218.2,219.16 2 0
github.com/ReygaFitra/inc-final-project.git/controller/card_controller.go:225.2,226.87 2 0
github.com/ReygaFitra/inc-final-project.git/controller/card_controller.go:205.16,207.3 1 0
github.com/ReygaFitra/inc-final-project.git/controller/card_controller.go:212.16,216.3 3 0
github.com/ReygaFitra/inc-final-project.git/controller/card_controller.go:219.16,223.3 3 0
github.com/ReygaFitra/inc-final-project.git/controller/card_controller.go:229.63,235.2 2 0
github.com/ReygaFitra/inc-final-project.git/controller/photo_controller.go:24.52,27.16 2 0
github.com/ReygaFitra/inc-final-project.git/controller/photo_controller.go:31.2,34.16 3 0
github.com/ReygaFitra/inc-final-project.git/controller/photo_controller.go:40.2,41.16 2 0
github.com/ReygaFitra/inc-final-project.git/controller/photo_controller.go:47.2,50.16 4 0
github.com/ReygaFitra/inc-final-project.git/controller/photo_controller.go:55.2,58.54 3 0
github.com/ReygaFitra/inc-final-project.git/controller/photo_controller.go:63.2,64.16 2 0
github.com/ReygaFitra/inc-final-project.git/controller/photo_controller.go:69.2,71.16 3 0
github.com/ReygaFitra/inc-final-project.git/controller/photo_controller.go:77.2,82.16 3 0
github.com/ReygaFitra/inc-final-project.git/controller/photo_controller.go:87.2,88.79 2 0
github.com/ReygaFitra/inc-final-project.git/controller/photo_controller.go:27.16,29.3 1 0
github.com/ReygaFitra/inc-final-project.git/controller/photo_controller.go:34.16,38.3 3 0
github.com/ReygaFitra/inc-final-project.git/controller/photo_controller.go:41.16,45.3 3 0
github.com/ReygaFitra/inc-final-project.git/controller/photo_controller.go:50.16,54.3 3 0
github.com/ReygaFitra/inc-final-project.git/controller/photo_controller.go:58.54,62.3 3 0
github.com/ReygaFitra/inc-final-project.git/controller/photo_controller.go:64.16,68.3 3 0
github.com/ReygaFitra/inc-final-project.git/controller/photo_controller.go:71.16,75.3 3 0
github.com/ReygaFitra/inc-final-project.git/controller/photo_controller.go:82.16,86.3 3 0
github.com/ReygaFitra/inc-final-project.git/controller/photo_controller.go:91.54,94.16 2 0
github.com/ReygaFitra/inc-final-project.git/controller/photo_controller.go:98.2,100.16 3 0
github.com/ReygaFitra/inc-final-project.git/controller/photo_controller.go:105.2,106.16 2 0
github.com/ReygaFitra/inc-final-project.git/controller/photo_controller.go:112.2,112.114 1 0
github.com/ReygaFitra/inc-final-project.git/controller/photo_controller.go:117.2,118.16 2 0
github.com/ReygaFitra/inc-final-project.git/controller/photo_controller.go:123.2,126.77 3 0
github.com/ReygaFitra/inc-final-project.git/controller/photo_controller.go:129.2,132.69 4 0
github.com/ReygaFitra/inc-final-project.git/controller/photo_controller.go:94.16,96.3 1 0
github.com/ReygaFitra/inc-final-project.git/controller/photo_controller.go:100.16,104.3 3 0
github.com/ReygaFitra/inc-final-project.git/controller/photo_controller.go:106.16,110.3 3 0
github.com/ReygaFitra/inc-final-project.git/controller/photo_controller.go:112.114,116.3 3 0
github.com/ReygaFitra/inc-final-project.git/controller/photo_controller.go:118.16,122.3 3 0
github.com/ReygaFitra/inc-final-project.git/controller/photo_controller.go:126.77,128.3 1 0
github.com/ReygaFitra/inc-final-project.git/controller/photo_controller.go:135.50,138.16 2 0
github.com/ReygaFitra/inc-final-project.git/controller/photo_controller.go:142.2,145.16 3 0
github.com/ReygaFitra/inc-final-project.git/controller/photo_controller.go:151.2,152.16 2 0
github.com/ReygaFitra/inc-final-project.git/controller/photo_controller.go:158.2,161.16 4 0
github.com/ReygaFitra/inc-final-project.git/controller/photo_controller.go:166.2,169.54 3 0
github.com/ReygaFitra/inc-final-project.git/controller/photo_controller.go:174.2,175.16 2 0
github.com/ReygaFitra/inc-final-project.git/controller/photo_controller.go:180.2,182.16 3 0
github.com/ReygaFitra/inc-final-project.git/controller/photo_controller.go:188.2,193.16 3 0
github.com/ReygaFitra/inc-final-project.git/controller/photo_controller.go:198.2,199.70 2 0
github.com/ReygaFitra/inc-final-project.git/controller/photo_controller.go:138.16,140.3 1 0
github.com/ReygaFitra/inc-final-project.git/controller/photo_controller.go:145.16,149.3 3 0
github.com/ReygaFitra/inc-final-project.git/controller/photo_controller.go:152.16,156.3 3 0
github.com/ReygaFitra/inc-final-project.git/controller/photo_controller.go:161.16,165.3 3 0
github.com/ReygaFitra/inc-final-project.git/controller/photo_controller.go:169.54,173.3 3 0
github.com/ReygaFitra/inc-final-project.git/controller/photo_controller.go:175.16,179.3 3 0
github.com/ReygaFitra/inc-final-project.git/controller/photo_controller.go:182.16,186.3 3 0
github.com/ReygaFitra/inc-final-project.git/controller/photo_controller.go:193.16,197.3 3 0
github.com/ReygaFitra/inc-final-project.git/controller/photo_controller.go:202.52,205.16 2 0
github.com/ReygaFitra/inc-final-project.git/controller/photo_controller.go:209.2,211.16 3 0
github.com/ReygaFitra/inc-final-project.git/controller/photo_controller.go:216.2,218.60 3 0
github.com/ReygaFitra/inc-final-project.git/controller/photo_controller.go:205.16,207.3 1 0
github.com/ReygaFitra/inc-final-project.git/controller/photo_controller.go:211.16,215.3 3 0
github.com/ReygaFitra/inc-final-project.git/controller/photo_controller.go:221.66,226.2 2 0
