mode: set
github.com/ReygaFitra/inc-final-project.git/usecase/tx_usecase.go:28.80,30.2 1 1
github.com/ReygaFitra/inc-final-project.git/usecase/tx_usecase.go:32.87,34.2 1 1
github.com/ReygaFitra/inc-final-project.git/usecase/tx_usecase.go:35.91,37.16 2 1
github.com/ReygaFitra/inc-final-project.git/usecase/tx_usecase.go:42.2,44.16 3 1
github.com/ReygaFitra/inc-final-project.git/usecase/tx_usecase.go:49.2,51.16 3 1
github.com/ReygaFitra/inc-final-project.git/usecase/tx_usecase.go:55.2,56.16 2 1
github.com/ReygaFitra/inc-final-project.git/usecase/tx_usecase.go:60.2,60.12 1 1
github.com/ReygaFitra/inc-final-project.git/usecase/tx_usecase.go:37.16,39.3 1 1
github.com/ReygaFitra/inc-final-project.git/usecase/tx_usecase.go:44.16,46.3 1 1
github.com/ReygaFitra/inc-final-project.git/usecase/tx_usecase.go:51.16,53.3 1 1
github.com/ReygaFitra/inc-final-project.git/usecase/tx_usecase.go:56.16,58.3 1 1
github.com/ReygaFitra/inc-final-project.git/usecase/tx_usecase.go:63.91,65.16 2 1
github.com/ReygaFitra/inc-final-project.git/usecase/tx_usecase.go:70.2,72.16 3 1
github.com/ReygaFitra/inc-final-project.git/usecase/tx_usecase.go:76.2,78.16 3 1
github.com/ReygaFitra/inc-final-project.git/usecase/tx_usecase.go:85.2,86.16 2 1
github.com/ReygaFitra/inc-final-project.git/usecase/tx_usecase.go:90.2,90.12 1 1
github.com/ReygaFitra/inc-final-project.git/usecase/tx_usecase.go:65.16,67.3 1 1
github.com/ReygaFitra/inc-final-project.git/usecase/tx_usecase.go:72.16,74.3 1 1
github.com/ReygaFitra/inc-final-project.git/usecase/tx_usecase.go:78.16,80.3 1 1
github.com/ReygaFitra/inc-final-project.git/usecase/tx_usecase.go:86.16,88.3 1 1
github.com/ReygaFitra/inc-final-project.git/usecase/tx_usecase.go:93.94,95.16 2 1
github.com/ReygaFitra/inc-final-project.git/usecase/tx_usecase.go:100.2,100.39 1 1
github.com/ReygaFitra/inc-final-project.git/usecase/tx_usecase.go:105.2,107.16 3 1
github.com/ReygaFitra/inc-final-project.git/usecase/tx_usecase.go:112.2,113.16 2 1
github.com/ReygaFitra/inc-final-project.git/usecase/tx_usecase.go:117.2,117.12 1 1
github.com/ReygaFitra/inc-final-project.git/usecase/tx_usecase.go:95.16,97.3 1 1
github.com/ReygaFitra/inc-final-project.git/usecase/tx_usecase.go:100.39,102.3 1 1
github.com/ReygaFitra/inc-final-project.git/usecase/tx_usecase.go:107.16,109.3 1 1
github.com/ReygaFitra/inc-final-project.git/usecase/tx_usecase.go:113.16,115.3 1 1
github.com/ReygaFitra/inc-final-project.git/usecase/tx_usecase.go:120.115,124.16 3 1
github.com/ReygaFitra/inc-final-project.git/usecase/tx_usecase.go:128.2,128.29 1 1
github.com/ReygaFitra/inc-final-project.git/usecase/tx_usecase.go:133.2,135.16 3 1
github.com/ReygaFitra/inc-final-project.git/usecase/tx_usecase.go:140.2,142.16 3 1
github.com/ReygaFitra/inc-final-project.git/usecase/tx_usecase.go:147.2,154.56 2 1
github.com/ReygaFitra/inc-final-project.git/usecase/tx_usecase.go:124.16,126.3 1 1
github.com/ReygaFitra/inc-final-project.git/usecase/tx_usecase.go:128.29,130.3 1 1
github.com/ReygaFitra/inc-final-project.git/usecase/tx_usecase.go:135.16,137.3 1 1
github.com/ReygaFitra/inc-final-project.git/usecase/tx_usecase.go:142.16,144.3 1 1
github.com/ReygaFitra/inc-final-project.git/usecase/tx_usecase.go:156.87,158.16 2 1
github.com/ReygaFitra/inc-final-project.git/usecase/tx_usecase.go:162.2,163.16 2 1
github.com/ReygaFitra/inc-final-project.git/usecase/tx_usecase.go:168.2,168.46 1 1
github.com/ReygaFitra/inc-final-project.git/usecase/tx_usecase.go:173.2,173.36 1 1
github.com/ReygaFitra/inc-final-project.git/usecase/tx_usecase.go:178.2,180.16 3 1
github.com/ReygaFitra/inc-final-project.git/usecase/tx_usecase.go:185.2,186.16 2 1
github.com/ReygaFitra/inc-final-project.git/usecase/tx_usecase.go:190.2,190.12 1 1
github.com/ReygaFitra/inc-final-project.git/usecase/tx_usecase.go:158.16,160.3 1 1
github.com/ReygaFitra/inc-final-project.git/usecase/tx_usecase.go:163.16,165.3 1 1
github.com/ReygaFitra/inc-final-project.git/usecase/tx_usecase.go:168.46,170.3 1 1
github.com/ReygaFitra/inc-final-project.git/usecase/tx_usecase.go:173.36,175.3 1 1
github.com/ReygaFitra/inc-final-project.git/usecase/tx_usecase.go:180.16,182.3 1 1
github.com/ReygaFitra/inc-final-project.git/usecase/tx_usecase.go:186.16,188.3 1 1
github.com/ReygaFitra/inc-final-project.git/usecase/tx_usecase.go:193.133,198.2 1 1
github.com/ReygaFitra/inc-final-project.git/usecase/user_usecase.go:28.89,31.16 2 1
github.com/ReygaFitra/inc-final-project.git/usecase/user_usecase.go:36.2,37.16 2 1
github.com/ReygaFitra/inc-final-project.git/usecase/user_usecase.go:40.2,40.120 1 0
github.com/ReygaFitra/inc-final-project.git/usecase/user_usecase.go:31.16,33.3 1 1
github.com/ReygaFitra/inc-final-project.git/usecase/user_usecase.go:37.16,39.3 1 1
github.com/ReygaFitra/inc-final-project.git/usecase/user_usecase.go:43.40,45.2 1 1
github.com/ReygaFitra/inc-final-project.git/usecase/user_usecase.go:47.85,49.2 1 1
github.com/ReygaFitra/inc-final-project.git/usecase/user_usecase.go:51.63,53.2 1 1
github.com/ReygaFitra/inc-final-project.git/usecase/user_usecase.go:55.70,57.2 1 1
github.com/ReygaFitra/inc-final-project.git/usecase/user_usecase.go:59.67,61.16 2 1
github.com/ReygaFitra/inc-final-project.git/usecase/user_usecase.go:64.2,65.46 2 1
github.com/ReygaFitra/inc-final-project.git/usecase/user_usecase.go:61.16,63.3 1 0
github.com/ReygaFitra/inc-final-project.git/usecase/user_usecase.go:68.61,71.2 1 1
github.com/ReygaFitra/inc-final-project.git/usecase/user_usecase.go:73.55,75.2 1 1
github.com/ReygaFitra/inc-final-project.git/usecase/user_usecase.go:77.69,81.2 1 1
github.com/ReygaFitra/inc-final-project.git/usecase/bank_account_usecase.go:22.47,24.2 1 1
github.com/ReygaFitra/inc-final-project.git/usecase/bank_account_usecase.go:26.89,28.2 1 1
github.com/ReygaFitra/inc-final-project.git/usecase/bank_account_usecase.go:29.82,31.2 1 1
github.com/ReygaFitra/inc-final-project.git/usecase/bank_account_usecase.go:33.92,36.2 2 1
github.com/ReygaFitra/inc-final-project.git/usecase/bank_account_usecase.go:38.62,40.2 1 1
github.com/ReygaFitra/inc-final-project.git/usecase/bank_account_usecase.go:42.55,44.2 1 1
github.com/ReygaFitra/inc-final-project.git/usecase/bank_account_usecase.go:46.65,48.16 2 1
github.com/ReygaFitra/inc-final-project.git/usecase/bank_account_usecase.go:51.2,51.12 1 1
github.com/ReygaFitra/inc-final-project.git/usecase/bank_account_usecase.go:48.16,50.3 1 1
github.com/ReygaFitra/inc-final-project.git/usecase/bank_account_usecase.go:54.81,58.2 1 1
github.com/ReygaFitra/inc-final-project.git/usecase/card_usecase.go:22.41,24.2 1 1
github.com/ReygaFitra/inc-final-project.git/usecase/card_usecase.go:26.80,28.2 1 1
github.com/ReygaFitra/inc-final-project.git/usecase/card_usecase.go:30.70,32.2 1 1
github.com/ReygaFitra/inc-final-project.git/usecase/card_usecase.go:34.83,37.2 2 1
github.com/ReygaFitra/inc-final-project.git/usecase/card_usecase.go:39.53,41.2 1 1
github.com/ReygaFitra/inc-final-project.git/usecase/card_usecase.go:43.52,45.2 1 1
github.com/ReygaFitra/inc-final-project.git/usecase/card_usecase.go:47.56,49.16 2 1
github.com/ReygaFitra/inc-final-project.git/usecase/card_usecase.go:52.2,52.12 1 1
github.com/ReygaFitra/inc-final-project.git/usecase/card_usecase.go:49.16,51.3 1 1
github.com/ReygaFitra/inc-final-project.git/usecase/card_usecase.go:55.69,59.2 1 1
github.com/ReygaFitra/inc-final-project.git/usecase/photo_usecase.go:19.60,21.2 1 1
github.com/ReygaFitra/inc-final-project.git/usecase/photo_usecase.go:23.67,25.2 1 1
github.com/ReygaFitra/inc-final-project.git/usecase/photo_usecase.go:27.58,29.2 1 1
github.com/ReygaFitra/inc-final-project.git/usecase/photo_usecase.go:31.47,33.2 1 1
github.com/ReygaFitra/inc-final-project.git/usecase/photo_usecase.go:35.73,39.2 1 1
