mode: set
github.com/ReygaFitra/inc-final-project.git/usecase/bank_account_usecase.go:22.47,24.2 1 0
github.com/ReygaFitra/inc-final-project.git/usecase/bank_account_usecase.go:26.68,28.2 1 0
github.com/ReygaFitra/inc-final-project.git/usecase/bank_account_usecase.go:29.82,31.2 1 0
github.com/ReygaFitra/inc-final-project.git/usecase/bank_account_usecase.go:33.92,36.2 2 0
github.com/ReygaFitra/inc-final-project.git/usecase/bank_account_usecase.go:38.62,40.2 1 0
github.com/ReygaFitra/inc-final-project.git/usecase/bank_account_usecase.go:42.66,44.2 1 0
github.com/ReygaFitra/inc-final-project.git/usecase/bank_account_usecase.go:46.65,48.16 2 0
github.com/ReygaFitra/inc-final-project.git/usecase/bank_account_usecase.go:48.16,50.3 1 0
github.com/ReygaFitra/inc-final-project.git/usecase/bank_account_usecase.go:51.2,51.12 1 0
github.com/ReygaFitra/inc-final-project.git/usecase/bank_account_usecase.go:54.81,58.2 1 0
github.com/ReygaFitra/inc-final-project.git/usecase/card_usecase.go:22.41,24.2 1 0
github.com/ReygaFitra/inc-final-project.git/usecase/card_usecase.go:26.62,28.2 1 0
github.com/ReygaFitra/inc-final-project.git/usecase/card_usecase.go:30.70,32.2 1 0
github.com/ReygaFitra/inc-final-project.git/usecase/card_usecase.go:34.83,37.2 2 0
github.com/ReygaFitra/inc-final-project.git/usecase/card_usecase.go:39.53,41.2 1 0
github.com/ReygaFitra/inc-final-project.git/usecase/card_usecase.go:43.57,45.2 1 0
github.com/ReygaFitra/inc-final-project.git/usecase/card_usecase.go:47.56,49.16 2 0
github.com/ReygaFitra/inc-final-project.git/usecase/card_usecase.go:49.16,51.3 1 0
github.com/ReygaFitra/inc-final-project.git/usecase/card_usecase.go:52.2,52.12 1 0
github.com/ReygaFitra/inc-final-project.git/usecase/card_usecase.go:55.69,59.2 1 0
github.com/ReygaFitra/inc-final-project.git/usecase/photo_usecase.go:19.60,21.2 1 1
github.com/ReygaFitra/inc-final-project.git/usecase/photo_usecase.go:23.67,25.2 1 1
github.com/ReygaFitra/inc-final-project.git/usecase/photo_usecase.go:27.58,29.2 1 1
github.com/ReygaFitra/inc-final-project.git/usecase/photo_usecase.go:31.47,33.2 1 1
github.com/ReygaFitra/inc-final-project.git/usecase/photo_usecase.go:35.73,39.2 1 1
github.com/ReygaFitra/inc-final-project.git/usecase/tx_usecase.go:26.83,28.2 1 0
github.com/ReygaFitra/inc-final-project.git/usecase/tx_usecase.go:30.87,32.2 1 0
github.com/ReygaFitra/inc-final-project.git/usecase/tx_usecase.go:34.91,36.16 2 0
github.com/ReygaFitra/inc-final-project.git/usecase/tx_usecase.go:36.16,38.3 1 0
github.com/ReygaFitra/inc-final-project.git/usecase/tx_usecase.go:41.2,43.16 3 0
github.com/ReygaFitra/inc-final-project.git/usecase/tx_usecase.go:43.16,46.3 1 0
github.com/ReygaFitra/inc-final-project.git/usecase/tx_usecase.go:49.2,51.16 3 0
github.com/ReygaFitra/inc-final-project.git/usecase/tx_usecase.go:51.16,54.3 1 0
github.com/ReygaFitra/inc-final-project.git/usecase/tx_usecase.go:56.2,57.16 2 0
github.com/ReygaFitra/inc-final-project.git/usecase/tx_usecase.go:57.16,60.3 1 0
github.com/ReygaFitra/inc-final-project.git/usecase/tx_usecase.go:62.2,62.12 1 0
github.com/ReygaFitra/inc-final-project.git/usecase/tx_usecase.go:65.91,67.16 2 0
github.com/ReygaFitra/inc-final-project.git/usecase/tx_usecase.go:67.16,69.3 1 0
github.com/ReygaFitra/inc-final-project.git/usecase/tx_usecase.go:72.2,74.16 3 0
github.com/ReygaFitra/inc-final-project.git/usecase/tx_usecase.go:74.16,76.3 1 0
github.com/ReygaFitra/inc-final-project.git/usecase/tx_usecase.go:78.2,80.16 3 0
github.com/ReygaFitra/inc-final-project.git/usecase/tx_usecase.go:80.16,82.3 1 0
github.com/ReygaFitra/inc-final-project.git/usecase/tx_usecase.go:87.2,88.16 2 0
github.com/ReygaFitra/inc-final-project.git/usecase/tx_usecase.go:88.16,90.3 1 0
github.com/ReygaFitra/inc-final-project.git/usecase/tx_usecase.go:92.2,92.12 1 0
github.com/ReygaFitra/inc-final-project.git/usecase/tx_usecase.go:95.94,97.16 2 0
github.com/ReygaFitra/inc-final-project.git/usecase/tx_usecase.go:97.16,99.3 1 0
github.com/ReygaFitra/inc-final-project.git/usecase/tx_usecase.go:102.2,102.39 1 0
github.com/ReygaFitra/inc-final-project.git/usecase/tx_usecase.go:102.39,104.3 1 0
github.com/ReygaFitra/inc-final-project.git/usecase/tx_usecase.go:107.2,109.16 3 0
github.com/ReygaFitra/inc-final-project.git/usecase/tx_usecase.go:109.16,111.3 1 0
github.com/ReygaFitra/inc-final-project.git/usecase/tx_usecase.go:114.2,115.16 2 0
github.com/ReygaFitra/inc-final-project.git/usecase/tx_usecase.go:115.16,117.3 1 0
github.com/ReygaFitra/inc-final-project.git/usecase/tx_usecase.go:119.2,119.12 1 0
github.com/ReygaFitra/inc-final-project.git/usecase/tx_usecase.go:122.115,126.16 3 0
github.com/ReygaFitra/inc-final-project.git/usecase/tx_usecase.go:126.16,128.3 1 0
github.com/ReygaFitra/inc-final-project.git/usecase/tx_usecase.go:130.2,130.29 1 0
github.com/ReygaFitra/inc-final-project.git/usecase/tx_usecase.go:130.29,132.3 1 0
github.com/ReygaFitra/inc-final-project.git/usecase/tx_usecase.go:135.2,137.16 3 0
github.com/ReygaFitra/inc-final-project.git/usecase/tx_usecase.go:137.16,139.3 1 0
github.com/ReygaFitra/inc-final-project.git/usecase/tx_usecase.go:142.2,144.16 3 0
github.com/ReygaFitra/inc-final-project.git/usecase/tx_usecase.go:144.16,146.3 1 0
github.com/ReygaFitra/inc-final-project.git/usecase/tx_usecase.go:149.2,154.56 2 0
github.com/ReygaFitra/inc-final-project.git/usecase/tx_usecase.go:157.87,159.16 2 0
github.com/ReygaFitra/inc-final-project.git/usecase/tx_usecase.go:159.16,161.3 1 0
github.com/ReygaFitra/inc-final-project.git/usecase/tx_usecase.go:164.2,165.16 2 0
github.com/ReygaFitra/inc-final-project.git/usecase/tx_usecase.go:165.16,167.3 1 0
github.com/ReygaFitra/inc-final-project.git/usecase/tx_usecase.go:170.2,171.36 2 0
github.com/ReygaFitra/inc-final-project.git/usecase/tx_usecase.go:171.36,172.46 1 0
github.com/ReygaFitra/inc-final-project.git/usecase/tx_usecase.go:172.46,174.9 2 0
github.com/ReygaFitra/inc-final-project.git/usecase/tx_usecase.go:179.2,179.26 1 0
github.com/ReygaFitra/inc-final-project.git/usecase/tx_usecase.go:179.26,181.3 1 0
github.com/ReygaFitra/inc-final-project.git/usecase/tx_usecase.go:184.2,184.46 1 0
github.com/ReygaFitra/inc-final-project.git/usecase/tx_usecase.go:184.46,186.3 1 0
github.com/ReygaFitra/inc-final-project.git/usecase/tx_usecase.go:189.2,189.36 1 0
github.com/ReygaFitra/inc-final-project.git/usecase/tx_usecase.go:189.36,191.3 1 0
github.com/ReygaFitra/inc-final-project.git/usecase/tx_usecase.go:194.2,196.16 3 0
github.com/ReygaFitra/inc-final-project.git/usecase/tx_usecase.go:196.16,198.3 1 0
github.com/ReygaFitra/inc-final-project.git/usecase/tx_usecase.go:201.2,202.16 2 0
github.com/ReygaFitra/inc-final-project.git/usecase/tx_usecase.go:202.16,204.3 1 0
github.com/ReygaFitra/inc-final-project.git/usecase/tx_usecase.go:206.2,206.12 1 0
github.com/ReygaFitra/inc-final-project.git/usecase/tx_usecase.go:209.133,214.2 1 0
github.com/ReygaFitra/inc-final-project.git/usecase/user_usecase.go:27.89,30.16 2 0
github.com/ReygaFitra/inc-final-project.git/usecase/user_usecase.go:30.16,32.3 1 0
github.com/ReygaFitra/inc-final-project.git/usecase/user_usecase.go:35.2,36.16 2 0
github.com/ReygaFitra/inc-final-project.git/usecase/user_usecase.go:36.16,38.3 1 0
github.com/ReygaFitra/inc-final-project.git/usecase/user_usecase.go:39.2,39.120 1 0
github.com/ReygaFitra/inc-final-project.git/usecase/user_usecase.go:42.40,44.2 1 0
github.com/ReygaFitra/inc-final-project.git/usecase/user_usecase.go:46.85,48.2 1 0
github.com/ReygaFitra/inc-final-project.git/usecase/user_usecase.go:50.63,52.2 1 0
github.com/ReygaFitra/inc-final-project.git/usecase/user_usecase.go:54.70,56.2 1 0
github.com/ReygaFitra/inc-final-project.git/usecase/user_usecase.go:58.67,60.16 2 0
github.com/ReygaFitra/inc-final-project.git/usecase/user_usecase.go:60.16,62.3 1 0
github.com/ReygaFitra/inc-final-project.git/usecase/user_usecase.go:63.2,64.46 2 0
github.com/ReygaFitra/inc-final-project.git/usecase/user_usecase.go:67.61,70.2 1 0
github.com/ReygaFitra/inc-final-project.git/usecase/user_usecase.go:72.55,74.2 1 0
github.com/ReygaFitra/inc-final-project.git/usecase/user_usecase.go:76.69,80.2 1 0
