mode: set
github.com/ReygaFitra/inc-final-project.git/repository/bank_account._repository.go:26.42,30.16 4 1
github.com/ReygaFitra/inc-final-project.git/repository/bank_account._repository.go:30.16,32.3 1 1
github.com/ReygaFitra/inc-final-project.git/repository/bank_account._repository.go:33.2,33.17 1 1
github.com/ReygaFitra/inc-final-project.git/repository/bank_account._repository.go:33.17,36.3 2 1
github.com/ReygaFitra/inc-final-project.git/repository/bank_account._repository.go:37.2,39.18 2 1
github.com/ReygaFitra/inc-final-project.git/repository/bank_account._repository.go:39.18,42.17 3 1
github.com/ReygaFitra/inc-final-project.git/repository/bank_account._repository.go:42.17,44.4 1 1
github.com/ReygaFitra/inc-final-project.git/repository/bank_account._repository.go:45.3,45.30 1 1
github.com/ReygaFitra/inc-final-project.git/repository/bank_account._repository.go:47.2,48.14 2 1
github.com/ReygaFitra/inc-final-project.git/repository/bank_account._repository.go:51.84,55.16 4 1
github.com/ReygaFitra/inc-final-project.git/repository/bank_account._repository.go:55.16,58.3 2 1
github.com/ReygaFitra/inc-final-project.git/repository/bank_account._repository.go:59.2,61.18 2 1
github.com/ReygaFitra/inc-final-project.git/repository/bank_account._repository.go:61.18,64.17 3 1
github.com/ReygaFitra/inc-final-project.git/repository/bank_account._repository.go:64.17,67.4 2 0
github.com/ReygaFitra/inc-final-project.git/repository/bank_account._repository.go:68.3,68.40 1 1
github.com/ReygaFitra/inc-final-project.git/repository/bank_account._repository.go:71.2,71.34 1 1
github.com/ReygaFitra/inc-final-project.git/repository/bank_account._repository.go:71.34,74.3 2 0
github.com/ReygaFitra/inc-final-project.git/repository/bank_account._repository.go:75.2,75.22 1 1
github.com/ReygaFitra/inc-final-project.git/repository/bank_account._repository.go:78.77,84.16 5 1
github.com/ReygaFitra/inc-final-project.git/repository/bank_account._repository.go:84.16,85.27 1 1
github.com/ReygaFitra/inc-final-project.git/repository/bank_account._repository.go:85.27,88.4 2 0
github.com/ReygaFitra/inc-final-project.git/repository/bank_account._repository.go:89.3,89.18 1 1
github.com/ReygaFitra/inc-final-project.git/repository/bank_account._repository.go:91.2,91.22 1 1
github.com/ReygaFitra/inc-final-project.git/repository/bank_account._repository.go:94.93,97.16 3 1
github.com/ReygaFitra/inc-final-project.git/repository/bank_account._repository.go:97.16,100.3 2 1
github.com/ReygaFitra/inc-final-project.git/repository/bank_account._repository.go:101.2,101.24 1 1
github.com/ReygaFitra/inc-final-project.git/repository/bank_account._repository.go:104.67,106.16 2 1
github.com/ReygaFitra/inc-final-project.git/repository/bank_account._repository.go:106.16,108.3 1 0
github.com/ReygaFitra/inc-final-project.git/repository/bank_account._repository.go:110.2,112.16 3 1
github.com/ReygaFitra/inc-final-project.git/repository/bank_account._repository.go:112.16,115.3 2 1
github.com/ReygaFitra/inc-final-project.git/repository/bank_account._repository.go:116.2,116.44 1 1
github.com/ReygaFitra/inc-final-project.git/repository/bank_account._repository.go:119.60,122.16 3 1
github.com/ReygaFitra/inc-final-project.git/repository/bank_account._repository.go:122.16,125.3 2 1
github.com/ReygaFitra/inc-final-project.git/repository/bank_account._repository.go:126.2,126.48 1 1
github.com/ReygaFitra/inc-final-project.git/repository/bank_account._repository.go:129.69,131.16 2 1
github.com/ReygaFitra/inc-final-project.git/repository/bank_account._repository.go:131.16,134.3 2 1
github.com/ReygaFitra/inc-final-project.git/repository/bank_account._repository.go:136.2,138.16 3 0
github.com/ReygaFitra/inc-final-project.git/repository/bank_account._repository.go:138.16,141.3 2 0
github.com/ReygaFitra/inc-final-project.git/repository/bank_account._repository.go:142.2,142.12 1 0
github.com/ReygaFitra/inc-final-project.git/repository/bank_account._repository.go:145.57,149.2 3 1
github.com/ReygaFitra/inc-final-project.git/repository/card_repository.go:26.39,30.16 4 0
github.com/ReygaFitra/inc-final-project.git/repository/card_repository.go:30.16,32.3 1 0
github.com/ReygaFitra/inc-final-project.git/repository/card_repository.go:33.2,33.17 1 0
github.com/ReygaFitra/inc-final-project.git/repository/card_repository.go:33.17,35.3 1 0
github.com/ReygaFitra/inc-final-project.git/repository/card_repository.go:36.2,38.18 2 0
github.com/ReygaFitra/inc-final-project.git/repository/card_repository.go:38.18,41.17 3 0
github.com/ReygaFitra/inc-final-project.git/repository/card_repository.go:41.17,43.4 1 0
github.com/ReygaFitra/inc-final-project.git/repository/card_repository.go:44.3,44.30 1 0
github.com/ReygaFitra/inc-final-project.git/repository/card_repository.go:46.2,46.14 1 0
github.com/ReygaFitra/inc-final-project.git/repository/card_repository.go:49.78,53.16 4 0
github.com/ReygaFitra/inc-final-project.git/repository/card_repository.go:53.16,55.3 1 0
github.com/ReygaFitra/inc-final-project.git/repository/card_repository.go:56.2,58.18 2 0
github.com/ReygaFitra/inc-final-project.git/repository/card_repository.go:58.18,61.17 3 0
github.com/ReygaFitra/inc-final-project.git/repository/card_repository.go:61.17,63.4 1 0
github.com/ReygaFitra/inc-final-project.git/repository/card_repository.go:64.3,64.31 1 0
github.com/ReygaFitra/inc-final-project.git/repository/card_repository.go:67.2,67.34 1 0
github.com/ReygaFitra/inc-final-project.git/repository/card_repository.go:67.34,69.3 1 0
github.com/ReygaFitra/inc-final-project.git/repository/card_repository.go:70.2,70.19 1 0
github.com/ReygaFitra/inc-final-project.git/repository/card_repository.go:73.68,78.16 5 0
github.com/ReygaFitra/inc-final-project.git/repository/card_repository.go:78.16,79.27 1 0
github.com/ReygaFitra/inc-final-project.git/repository/card_repository.go:79.27,81.4 1 0
github.com/ReygaFitra/inc-final-project.git/repository/card_repository.go:82.3,82.18 1 0
github.com/ReygaFitra/inc-final-project.git/repository/card_repository.go:84.2,84.19 1 0
github.com/ReygaFitra/inc-final-project.git/repository/card_repository.go:87.84,90.16 3 0
github.com/ReygaFitra/inc-final-project.git/repository/card_repository.go:90.16,92.3 1 0
github.com/ReygaFitra/inc-final-project.git/repository/card_repository.go:93.2,93.21 1 0
github.com/ReygaFitra/inc-final-project.git/repository/card_repository.go:96.58,98.16 2 0
github.com/ReygaFitra/inc-final-project.git/repository/card_repository.go:98.16,100.3 1 0
github.com/ReygaFitra/inc-final-project.git/repository/card_repository.go:102.2,104.16 3 0
github.com/ReygaFitra/inc-final-project.git/repository/card_repository.go:104.16,106.3 1 0
github.com/ReygaFitra/inc-final-project.git/repository/card_repository.go:108.2,108.39 1 0
github.com/ReygaFitra/inc-final-project.git/repository/card_repository.go:111.57,114.16 3 0
github.com/ReygaFitra/inc-final-project.git/repository/card_repository.go:114.16,116.3 1 0
github.com/ReygaFitra/inc-final-project.git/repository/card_repository.go:117.2,117.43 1 0
github.com/ReygaFitra/inc-final-project.git/repository/card_repository.go:120.60,122.16 2 0
github.com/ReygaFitra/inc-final-project.git/repository/card_repository.go:122.16,124.3 1 0
github.com/ReygaFitra/inc-final-project.git/repository/card_repository.go:126.2,128.16 3 0
github.com/ReygaFitra/inc-final-project.git/repository/card_repository.go:128.16,131.3 2 0
github.com/ReygaFitra/inc-final-project.git/repository/card_repository.go:132.2,132.12 1 0
github.com/ReygaFitra/inc-final-project.git/repository/card_repository.go:135.51,139.2 3 0
github.com/ReygaFitra/inc-final-project.git/repository/photo_repository.go:22.63,24.16 2 1
github.com/ReygaFitra/inc-final-project.git/repository/photo_repository.go:24.16,26.3 1 1
github.com/ReygaFitra/inc-final-project.git/repository/photo_repository.go:27.2,27.12 1 1
github.com/ReygaFitra/inc-final-project.git/repository/photo_repository.go:30.69,34.16 4 1
github.com/ReygaFitra/inc-final-project.git/repository/photo_repository.go:34.16,36.3 1 1
github.com/ReygaFitra/inc-final-project.git/repository/photo_repository.go:37.2,37.19 1 1
github.com/ReygaFitra/inc-final-project.git/repository/photo_repository.go:40.63,43.16 3 1
github.com/ReygaFitra/inc-final-project.git/repository/photo_repository.go:43.16,45.3 1 1
github.com/ReygaFitra/inc-final-project.git/repository/photo_repository.go:46.2,46.12 1 1
github.com/ReygaFitra/inc-final-project.git/repository/photo_repository.go:49.50,52.16 3 1
github.com/ReygaFitra/inc-final-project.git/repository/photo_repository.go:52.16,54.3 1 1
github.com/ReygaFitra/inc-final-project.git/repository/photo_repository.go:55.2,55.36 1 1
github.com/ReygaFitra/inc-final-project.git/repository/photo_repository.go:57.53,59.2 1 1
github.com/ReygaFitra/inc-final-project.git/repository/tx_repository.go:29.92,34.16 4 0
github.com/ReygaFitra/inc-final-project.git/repository/tx_repository.go:34.16,36.3 1 0
github.com/ReygaFitra/inc-final-project.git/repository/tx_repository.go:37.2,39.18 2 0
github.com/ReygaFitra/inc-final-project.git/repository/tx_repository.go:39.18,43.17 4 0
github.com/ReygaFitra/inc-final-project.git/repository/tx_repository.go:43.17,45.4 1 0
github.com/ReygaFitra/inc-final-project.git/repository/tx_repository.go:46.3,46.28 1 0
github.com/ReygaFitra/inc-final-project.git/repository/tx_repository.go:46.28,48.4 1 0
github.com/ReygaFitra/inc-final-project.git/repository/tx_repository.go:49.3,49.30 1 0
github.com/ReygaFitra/inc-final-project.git/repository/tx_repository.go:49.30,51.4 1 0
github.com/ReygaFitra/inc-final-project.git/repository/tx_repository.go:52.3,52.23 1 0
github.com/ReygaFitra/inc-final-project.git/repository/tx_repository.go:52.23,54.4 1 0
github.com/ReygaFitra/inc-final-project.git/repository/tx_repository.go:55.3,55.32 1 0
github.com/ReygaFitra/inc-final-project.git/repository/tx_repository.go:55.32,57.4 1 0
github.com/ReygaFitra/inc-final-project.git/repository/tx_repository.go:58.3,58.23 1 0
github.com/ReygaFitra/inc-final-project.git/repository/tx_repository.go:58.23,60.4 1 0
github.com/ReygaFitra/inc-final-project.git/repository/tx_repository.go:61.3,61.22 1 0
github.com/ReygaFitra/inc-final-project.git/repository/tx_repository.go:61.22,63.4 1 0
github.com/ReygaFitra/inc-final-project.git/repository/tx_repository.go:64.3,64.24 1 0
github.com/ReygaFitra/inc-final-project.git/repository/tx_repository.go:67.2,67.35 1 0
github.com/ReygaFitra/inc-final-project.git/repository/tx_repository.go:67.35,69.3 1 0
github.com/ReygaFitra/inc-final-project.git/repository/tx_repository.go:71.2,71.17 1 0
github.com/ReygaFitra/inc-final-project.git/repository/tx_repository.go:74.84,77.16 3 0
github.com/ReygaFitra/inc-final-project.git/repository/tx_repository.go:77.16,79.3 1 0
github.com/ReygaFitra/inc-final-project.git/repository/tx_repository.go:81.2,81.12 1 0
github.com/ReygaFitra/inc-final-project.git/repository/tx_repository.go:84.84,87.16 3 0
github.com/ReygaFitra/inc-final-project.git/repository/tx_repository.go:87.16,89.3 1 0
github.com/ReygaFitra/inc-final-project.git/repository/tx_repository.go:91.2,91.12 1 0
github.com/ReygaFitra/inc-final-project.git/repository/tx_repository.go:94.87,97.16 3 0
github.com/ReygaFitra/inc-final-project.git/repository/tx_repository.go:97.16,99.3 1 0
github.com/ReygaFitra/inc-final-project.git/repository/tx_repository.go:101.2,101.12 1 0
github.com/ReygaFitra/inc-final-project.git/repository/tx_repository.go:104.92,107.16 3 0
github.com/ReygaFitra/inc-final-project.git/repository/tx_repository.go:107.16,109.3 1 0
github.com/ReygaFitra/inc-final-project.git/repository/tx_repository.go:111.2,111.16 1 0
github.com/ReygaFitra/inc-final-project.git/repository/tx_repository.go:114.80,117.16 3 0
github.com/ReygaFitra/inc-final-project.git/repository/tx_repository.go:117.16,119.3 1 0
github.com/ReygaFitra/inc-final-project.git/repository/tx_repository.go:121.2,121.12 1 0
github.com/ReygaFitra/inc-final-project.git/repository/tx_repository.go:124.79,127.16 3 0
github.com/ReygaFitra/inc-final-project.git/repository/tx_repository.go:127.16,129.3 1 0
github.com/ReygaFitra/inc-final-project.git/repository/tx_repository.go:130.2,133.18 3 0
github.com/ReygaFitra/inc-final-project.git/repository/tx_repository.go:133.18,136.17 3 0
github.com/ReygaFitra/inc-final-project.git/repository/tx_repository.go:136.17,138.4 1 0
github.com/ReygaFitra/inc-final-project.git/repository/tx_repository.go:139.3,139.46 1 0
github.com/ReygaFitra/inc-final-project.git/repository/tx_repository.go:142.2,142.28 1 0
github.com/ReygaFitra/inc-final-project.git/repository/tx_repository.go:145.84,149.16 4 0
github.com/ReygaFitra/inc-final-project.git/repository/tx_repository.go:149.16,151.3 1 0
github.com/ReygaFitra/inc-final-project.git/repository/tx_repository.go:152.2,154.18 2 0
github.com/ReygaFitra/inc-final-project.git/repository/tx_repository.go:154.18,157.17 3 0
github.com/ReygaFitra/inc-final-project.git/repository/tx_repository.go:157.17,159.4 1 0
github.com/ReygaFitra/inc-final-project.git/repository/tx_repository.go:160.3,160.34 1 0
github.com/ReygaFitra/inc-final-project.git/repository/tx_repository.go:163.2,163.34 1 0
github.com/ReygaFitra/inc-final-project.git/repository/tx_repository.go:163.34,165.3 1 0
github.com/ReygaFitra/inc-final-project.git/repository/tx_repository.go:166.2,166.20 1 0
github.com/ReygaFitra/inc-final-project.git/repository/tx_repository.go:169.56,173.2 3 0
github.com/ReygaFitra/inc-final-project.git/repository/user_repository.go:31.76,33.16 2 1
github.com/ReygaFitra/inc-final-project.git/repository/user_repository.go:33.16,35.3 1 1
github.com/ReygaFitra/inc-final-project.git/repository/user_repository.go:37.2,39.16 3 0
github.com/ReygaFitra/inc-final-project.git/repository/user_repository.go:39.16,42.3 2 0
github.com/ReygaFitra/inc-final-project.git/repository/user_repository.go:43.2,43.12 1 0
github.com/ReygaFitra/inc-final-project.git/repository/user_repository.go:46.71,49.16 3 1
github.com/ReygaFitra/inc-final-project.git/repository/user_repository.go:49.16,51.3 1 1
github.com/ReygaFitra/inc-final-project.git/repository/user_repository.go:53.2,55.16 3 0
github.com/ReygaFitra/inc-final-project.git/repository/user_repository.go:55.16,58.3 2 0
github.com/ReygaFitra/inc-final-project.git/repository/user_repository.go:59.2,59.12 1 0
github.com/ReygaFitra/inc-final-project.git/repository/user_repository.go:62.39,66.16 4 1
github.com/ReygaFitra/inc-final-project.git/repository/user_repository.go:66.16,68.3 1 1
github.com/ReygaFitra/inc-final-project.git/repository/user_repository.go:69.2,69.17 1 1
github.com/ReygaFitra/inc-final-project.git/repository/user_repository.go:69.17,71.3 1 1
github.com/ReygaFitra/inc-final-project.git/repository/user_repository.go:72.2,74.18 2 1
github.com/ReygaFitra/inc-final-project.git/repository/user_repository.go:74.18,76.139 2 1
github.com/ReygaFitra/inc-final-project.git/repository/user_repository.go:76.139,78.4 1 0
github.com/ReygaFitra/inc-final-project.git/repository/user_repository.go:79.3,79.30 1 1
github.com/ReygaFitra/inc-final-project.git/repository/user_repository.go:82.2,82.35 1 1
github.com/ReygaFitra/inc-final-project.git/repository/user_repository.go:82.35,84.3 1 0
github.com/ReygaFitra/inc-final-project.git/repository/user_repository.go:86.2,86.21 1 1
github.com/ReygaFitra/inc-final-project.git/repository/user_repository.go:86.21,88.3 1 0
github.com/ReygaFitra/inc-final-project.git/repository/user_repository.go:89.2,89.14 1 1
github.com/ReygaFitra/inc-final-project.git/repository/user_repository.go:92.86,95.16 3 1
github.com/ReygaFitra/inc-final-project.git/repository/user_repository.go:95.16,96.27 1 1
github.com/ReygaFitra/inc-final-project.git/repository/user_repository.go:96.27,98.4 1 0
github.com/ReygaFitra/inc-final-project.git/repository/user_repository.go:99.3,99.18 1 1
github.com/ReygaFitra/inc-final-project.git/repository/user_repository.go:101.2,101.19 1 0
github.com/ReygaFitra/inc-final-project.git/repository/user_repository.go:104.64,107.16 3 1
github.com/ReygaFitra/inc-final-project.git/repository/user_repository.go:107.16,108.27 1 1
github.com/ReygaFitra/inc-final-project.git/repository/user_repository.go:108.27,110.4 1 1
github.com/ReygaFitra/inc-final-project.git/repository/user_repository.go:111.3,111.18 1 1
github.com/ReygaFitra/inc-final-project.git/repository/user_repository.go:113.2,113.19 1 0
github.com/ReygaFitra/inc-final-project.git/repository/user_repository.go:116.65,118.16 2 1
github.com/ReygaFitra/inc-final-project.git/repository/user_repository.go:118.16,120.3 1 1
github.com/ReygaFitra/inc-final-project.git/repository/user_repository.go:122.2,124.16 3 0
github.com/ReygaFitra/inc-final-project.git/repository/user_repository.go:124.16,127.3 2 0
github.com/ReygaFitra/inc-final-project.git/repository/user_repository.go:128.2,128.39 1 0
github.com/ReygaFitra/inc-final-project.git/repository/user_repository.go:131.71,133.16 2 1
github.com/ReygaFitra/inc-final-project.git/repository/user_repository.go:133.16,135.3 1 1
github.com/ReygaFitra/inc-final-project.git/repository/user_repository.go:137.2,140.16 3 0
github.com/ReygaFitra/inc-final-project.git/repository/user_repository.go:140.16,143.3 2 0
github.com/ReygaFitra/inc-final-project.git/repository/user_repository.go:144.2,144.50 1 0
github.com/ReygaFitra/inc-final-project.git/repository/user_repository.go:147.58,150.16 2 1
github.com/ReygaFitra/inc-final-project.git/repository/user_repository.go:150.16,152.3 1 1
github.com/ReygaFitra/inc-final-project.git/repository/user_repository.go:155.2,157.16 3 0
github.com/ReygaFitra/inc-final-project.git/repository/user_repository.go:157.16,160.3 2 0
github.com/ReygaFitra/inc-final-project.git/repository/user_repository.go:161.2,161.36 1 0
github.com/ReygaFitra/inc-final-project.git/repository/user_repository.go:164.70,167.16 2 1
github.com/ReygaFitra/inc-final-project.git/repository/user_repository.go:167.16,169.3 1 0
github.com/ReygaFitra/inc-final-project.git/repository/user_repository.go:171.2,175.16 3 1
github.com/ReygaFitra/inc-final-project.git/repository/user_repository.go:175.16,178.3 2 1
github.com/ReygaFitra/inc-final-project.git/repository/user_repository.go:179.2,179.18 1 0
github.com/ReygaFitra/inc-final-project.git/repository/user_repository.go:182.107,188.16 6 1
github.com/ReygaFitra/inc-final-project.git/repository/user_repository.go:188.16,189.27 1 1
github.com/ReygaFitra/inc-final-project.git/repository/user_repository.go:189.27,191.4 1 0
github.com/ReygaFitra/inc-final-project.git/repository/user_repository.go:192.3,193.47 2 1
github.com/ReygaFitra/inc-final-project.git/repository/user_repository.go:197.2,198.16 2 0
github.com/ReygaFitra/inc-final-project.git/repository/user_repository.go:198.16,200.3 1 0
github.com/ReygaFitra/inc-final-project.git/repository/user_repository.go:202.2,208.18 2 0
github.com/ReygaFitra/inc-final-project.git/repository/user_repository.go:211.51,213.2 1 1
