mode: set
github.com/ReygaFitra/inc-final-project.git/repository/bank_account._repository.go:26.42,30.16 4 1
github.com/ReygaFitra/inc-final-project.git/repository/bank_account._repository.go:33.2,33.17 1 1
github.com/ReygaFitra/inc-final-project.git/repository/bank_account._repository.go:37.2,39.18 2 1
github.com/ReygaFitra/inc-final-project.git/repository/bank_account._repository.go:48.2,49.14 2 1
github.com/ReygaFitra/inc-final-project.git/repository/bank_account._repository.go:30.16,32.3 1 1
github.com/ReygaFitra/inc-final-project.git/repository/bank_account._repository.go:33.17,36.3 2 1
github.com/ReygaFitra/inc-final-project.git/repository/bank_account._repository.go:39.18,42.17 3 1
github.com/ReygaFitra/inc-final-project.git/repository/bank_account._repository.go:46.3,46.30 1 1
github.com/ReygaFitra/inc-final-project.git/repository/bank_account._repository.go:42.17,45.4 2 1
github.com/ReygaFitra/inc-final-project.git/repository/bank_account._repository.go:52.84,56.16 4 1
github.com/ReygaFitra/inc-final-project.git/repository/bank_account._repository.go:60.2,62.18 2 1
github.com/ReygaFitra/inc-final-project.git/repository/bank_account._repository.go:72.2,72.34 1 1
github.com/ReygaFitra/inc-final-project.git/repository/bank_account._repository.go:76.2,76.22 1 1
github.com/ReygaFitra/inc-final-project.git/repository/bank_account._repository.go:56.16,59.3 2 1
github.com/ReygaFitra/inc-final-project.git/repository/bank_account._repository.go:62.18,65.17 3 1
github.com/ReygaFitra/inc-final-project.git/repository/bank_account._repository.go:69.3,69.40 1 1
github.com/ReygaFitra/inc-final-project.git/repository/bank_account._repository.go:65.17,68.4 2 1
github.com/ReygaFitra/inc-final-project.git/repository/bank_account._repository.go:72.34,75.3 2 0
github.com/ReygaFitra/inc-final-project.git/repository/bank_account._repository.go:79.77,85.16 5 1
github.com/ReygaFitra/inc-final-project.git/repository/bank_account._repository.go:92.2,92.22 1 1
github.com/ReygaFitra/inc-final-project.git/repository/bank_account._repository.go:85.16,86.27 1 1
github.com/ReygaFitra/inc-final-project.git/repository/bank_account._repository.go:90.3,90.18 1 1
github.com/ReygaFitra/inc-final-project.git/repository/bank_account._repository.go:86.27,89.4 2 1
github.com/ReygaFitra/inc-final-project.git/repository/bank_account._repository.go:95.93,98.16 3 1
github.com/ReygaFitra/inc-final-project.git/repository/bank_account._repository.go:102.2,102.24 1 1
github.com/ReygaFitra/inc-final-project.git/repository/bank_account._repository.go:98.16,101.3 2 1
github.com/ReygaFitra/inc-final-project.git/repository/bank_account._repository.go:105.67,107.16 2 1
github.com/ReygaFitra/inc-final-project.git/repository/bank_account._repository.go:111.2,113.16 3 1
github.com/ReygaFitra/inc-final-project.git/repository/bank_account._repository.go:117.2,117.44 1 1
github.com/ReygaFitra/inc-final-project.git/repository/bank_account._repository.go:107.16,109.3 1 1
github.com/ReygaFitra/inc-final-project.git/repository/bank_account._repository.go:113.16,116.3 2 1
github.com/ReygaFitra/inc-final-project.git/repository/bank_account._repository.go:120.64,123.16 3 1
github.com/ReygaFitra/inc-final-project.git/repository/bank_account._repository.go:127.2,127.48 1 1
github.com/ReygaFitra/inc-final-project.git/repository/bank_account._repository.go:123.16,126.3 2 1
github.com/ReygaFitra/inc-final-project.git/repository/bank_account._repository.go:130.69,132.16 2 1
github.com/ReygaFitra/inc-final-project.git/repository/bank_account._repository.go:137.2,139.16 3 1
github.com/ReygaFitra/inc-final-project.git/repository/bank_account._repository.go:143.2,143.12 1 1
github.com/ReygaFitra/inc-final-project.git/repository/bank_account._repository.go:132.16,135.3 2 1
github.com/ReygaFitra/inc-final-project.git/repository/bank_account._repository.go:139.16,142.3 2 1
github.com/ReygaFitra/inc-final-project.git/repository/bank_account._repository.go:146.57,150.2 3 1
github.com/ReygaFitra/inc-final-project.git/repository/card_repository.go:26.39,30.16 4 1
github.com/ReygaFitra/inc-final-project.git/repository/card_repository.go:33.2,33.17 1 1
github.com/ReygaFitra/inc-final-project.git/repository/card_repository.go:36.2,38.18 2 1
github.com/ReygaFitra/inc-final-project.git/repository/card_repository.go:46.2,46.14 1 1
github.com/ReygaFitra/inc-final-project.git/repository/card_repository.go:30.16,32.3 1 1
github.com/ReygaFitra/inc-final-project.git/repository/card_repository.go:33.17,35.3 1 1
github.com/ReygaFitra/inc-final-project.git/repository/card_repository.go:38.18,41.17 3 1
github.com/ReygaFitra/inc-final-project.git/repository/card_repository.go:44.3,44.30 1 1
github.com/ReygaFitra/inc-final-project.git/repository/card_repository.go:41.17,43.4 1 1
github.com/ReygaFitra/inc-final-project.git/repository/card_repository.go:49.78,53.16 4 1
github.com/ReygaFitra/inc-final-project.git/repository/card_repository.go:56.2,58.18 2 1
github.com/ReygaFitra/inc-final-project.git/repository/card_repository.go:67.2,67.34 1 1
github.com/ReygaFitra/inc-final-project.git/repository/card_repository.go:70.2,70.19 1 1
github.com/ReygaFitra/inc-final-project.git/repository/card_repository.go:53.16,55.3 1 1
github.com/ReygaFitra/inc-final-project.git/repository/card_repository.go:58.18,61.17 3 1
github.com/ReygaFitra/inc-final-project.git/repository/card_repository.go:64.3,64.31 1 1
github.com/ReygaFitra/inc-final-project.git/repository/card_repository.go:61.17,63.4 1 1
github.com/ReygaFitra/inc-final-project.git/repository/card_repository.go:67.34,69.3 1 0
github.com/ReygaFitra/inc-final-project.git/repository/card_repository.go:73.68,78.16 5 1
github.com/ReygaFitra/inc-final-project.git/repository/card_repository.go:84.2,84.19 1 1
github.com/ReygaFitra/inc-final-project.git/repository/card_repository.go:78.16,79.27 1 1
github.com/ReygaFitra/inc-final-project.git/repository/card_repository.go:82.3,82.18 1 1
github.com/ReygaFitra/inc-final-project.git/repository/card_repository.go:79.27,81.4 1 1
github.com/ReygaFitra/inc-final-project.git/repository/card_repository.go:87.84,90.16 3 1
github.com/ReygaFitra/inc-final-project.git/repository/card_repository.go:93.2,93.21 1 1
github.com/ReygaFitra/inc-final-project.git/repository/card_repository.go:90.16,92.3 1 1
github.com/ReygaFitra/inc-final-project.git/repository/card_repository.go:96.58,98.16 2 1
github.com/ReygaFitra/inc-final-project.git/repository/card_repository.go:102.2,104.16 3 1
github.com/ReygaFitra/inc-final-project.git/repository/card_repository.go:108.2,108.39 1 1
github.com/ReygaFitra/inc-final-project.git/repository/card_repository.go:98.16,100.3 1 1
github.com/ReygaFitra/inc-final-project.git/repository/card_repository.go:104.16,106.3 1 1
github.com/ReygaFitra/inc-final-project.git/repository/card_repository.go:111.61,114.16 3 1
github.com/ReygaFitra/inc-final-project.git/repository/card_repository.go:117.2,117.43 1 1
github.com/ReygaFitra/inc-final-project.git/repository/card_repository.go:114.16,116.3 1 1
github.com/ReygaFitra/inc-final-project.git/repository/card_repository.go:120.60,122.16 2 1
github.com/ReygaFitra/inc-final-project.git/repository/card_repository.go:126.2,128.16 3 1
github.com/ReygaFitra/inc-final-project.git/repository/card_repository.go:132.2,132.12 1 1
github.com/ReygaFitra/inc-final-project.git/repository/card_repository.go:122.16,124.3 1 1
github.com/ReygaFitra/inc-final-project.git/repository/card_repository.go:128.16,131.3 2 1
github.com/ReygaFitra/inc-final-project.git/repository/card_repository.go:135.51,139.2 3 1
github.com/ReygaFitra/inc-final-project.git/repository/photo_repository.go:22.63,24.16 2 1
github.com/ReygaFitra/inc-final-project.git/repository/photo_repository.go:27.2,27.12 1 1
github.com/ReygaFitra/inc-final-project.git/repository/photo_repository.go:24.16,26.3 1 1
github.com/ReygaFitra/inc-final-project.git/repository/photo_repository.go:30.69,34.16 4 1
github.com/ReygaFitra/inc-final-project.git/repository/photo_repository.go:37.2,37.19 1 1
github.com/ReygaFitra/inc-final-project.git/repository/photo_repository.go:34.16,36.3 1 1
github.com/ReygaFitra/inc-final-project.git/repository/photo_repository.go:40.63,43.16 3 1
github.com/ReygaFitra/inc-final-project.git/repository/photo_repository.go:46.2,46.12 1 1
github.com/ReygaFitra/inc-final-project.git/repository/photo_repository.go:43.16,45.3 1 1
github.com/ReygaFitra/inc-final-project.git/repository/photo_repository.go:49.50,52.16 3 1
github.com/ReygaFitra/inc-final-project.git/repository/photo_repository.go:55.2,55.36 1 1
github.com/ReygaFitra/inc-final-project.git/repository/photo_repository.go:52.16,54.3 1 1
github.com/ReygaFitra/inc-final-project.git/repository/photo_repository.go:57.53,59.2 1 1
github.com/ReygaFitra/inc-final-project.git/repository/transaction_repository.go:28.92,35.16 3 1
github.com/ReygaFitra/inc-final-project.git/repository/transaction_repository.go:38.2,40.18 2 1
github.com/ReygaFitra/inc-final-project.git/repository/transaction_repository.go:68.2,68.35 1 1
github.com/ReygaFitra/inc-final-project.git/repository/transaction_repository.go:72.2,72.17 1 1
github.com/ReygaFitra/inc-final-project.git/repository/transaction_repository.go:35.16,37.3 1 1
github.com/ReygaFitra/inc-final-project.git/repository/transaction_repository.go:40.18,44.17 3 1
github.com/ReygaFitra/inc-final-project.git/repository/transaction_repository.go:47.3,47.28 1 1
github.com/ReygaFitra/inc-final-project.git/repository/transaction_repository.go:50.3,50.30 1 1
github.com/ReygaFitra/inc-final-project.git/repository/transaction_repository.go:53.3,53.23 1 1
github.com/ReygaFitra/inc-final-project.git/repository/transaction_repository.go:56.3,56.32 1 1
github.com/ReygaFitra/inc-final-project.git/repository/transaction_repository.go:59.3,59.23 1 1
github.com/ReygaFitra/inc-final-project.git/repository/transaction_repository.go:62.3,62.22 1 1
github.com/ReygaFitra/inc-final-project.git/repository/transaction_repository.go:65.3,65.24 1 1
github.com/ReygaFitra/inc-final-project.git/repository/transaction_repository.go:44.17,46.4 1 0
github.com/ReygaFitra/inc-final-project.git/repository/transaction_repository.go:47.28,49.4 1 1
github.com/ReygaFitra/inc-final-project.git/repository/transaction_repository.go:50.30,52.4 1 1
github.com/ReygaFitra/inc-final-project.git/repository/transaction_repository.go:53.23,55.4 1 1
github.com/ReygaFitra/inc-final-project.git/repository/transaction_repository.go:56.32,58.4 1 1
github.com/ReygaFitra/inc-final-project.git/repository/transaction_repository.go:59.23,61.4 1 1
github.com/ReygaFitra/inc-final-project.git/repository/transaction_repository.go:62.22,64.4 1 1
github.com/ReygaFitra/inc-final-project.git/repository/transaction_repository.go:68.35,70.3 1 0
github.com/ReygaFitra/inc-final-project.git/repository/transaction_repository.go:75.84,78.16 3 1
github.com/ReygaFitra/inc-final-project.git/repository/transaction_repository.go:82.2,82.12 1 1
github.com/ReygaFitra/inc-final-project.git/repository/transaction_repository.go:78.16,80.3 1 1
github.com/ReygaFitra/inc-final-project.git/repository/transaction_repository.go:85.84,88.16 3 1
github.com/ReygaFitra/inc-final-project.git/repository/transaction_repository.go:92.2,92.12 1 1
github.com/ReygaFitra/inc-final-project.git/repository/transaction_repository.go:88.16,90.3 1 1
github.com/ReygaFitra/inc-final-project.git/repository/transaction_repository.go:95.87,98.16 3 1
github.com/ReygaFitra/inc-final-project.git/repository/transaction_repository.go:102.2,102.12 1 1
github.com/ReygaFitra/inc-final-project.git/repository/transaction_repository.go:98.16,100.3 1 1
github.com/ReygaFitra/inc-final-project.git/repository/transaction_repository.go:105.100,108.16 3 1
github.com/ReygaFitra/inc-final-project.git/repository/transaction_repository.go:112.2,112.16 1 1
github.com/ReygaFitra/inc-final-project.git/repository/transaction_repository.go:108.16,110.3 1 1
github.com/ReygaFitra/inc-final-project.git/repository/transaction_repository.go:115.80,118.16 3 1
github.com/ReygaFitra/inc-final-project.git/repository/transaction_repository.go:122.2,122.12 1 1
github.com/ReygaFitra/inc-final-project.git/repository/transaction_repository.go:118.16,120.3 1 1
github.com/ReygaFitra/inc-final-project.git/repository/transaction_repository.go:126.79,129.16 3 1
github.com/ReygaFitra/inc-final-project.git/repository/transaction_repository.go:132.2,135.18 3 1
github.com/ReygaFitra/inc-final-project.git/repository/transaction_repository.go:144.2,144.28 1 1
github.com/ReygaFitra/inc-final-project.git/repository/transaction_repository.go:129.16,131.3 1 1
github.com/ReygaFitra/inc-final-project.git/repository/transaction_repository.go:135.18,138.17 3 1
github.com/ReygaFitra/inc-final-project.git/repository/transaction_repository.go:141.3,141.46 1 1
github.com/ReygaFitra/inc-final-project.git/repository/transaction_repository.go:138.17,140.4 1 0
github.com/ReygaFitra/inc-final-project.git/repository/transaction_repository.go:147.82,151.16 4 1
github.com/ReygaFitra/inc-final-project.git/repository/transaction_repository.go:154.2,154.20 1 1
github.com/ReygaFitra/inc-final-project.git/repository/transaction_repository.go:151.16,153.3 1 1
github.com/ReygaFitra/inc-final-project.git/repository/transaction_repository.go:157.56,161.2 3 1
github.com/ReygaFitra/inc-final-project.git/repository/user_repository.go:31.76,33.16 2 1
github.com/ReygaFitra/inc-final-project.git/repository/user_repository.go:37.2,39.16 3 1
github.com/ReygaFitra/inc-final-project.git/repository/user_repository.go:43.2,43.12 1 1
github.com/ReygaFitra/inc-final-project.git/repository/user_repository.go:33.16,35.3 1 1
github.com/ReygaFitra/inc-final-project.git/repository/user_repository.go:39.16,42.3 2 1
github.com/ReygaFitra/inc-final-project.git/repository/user_repository.go:46.71,49.16 3 1
github.com/ReygaFitra/inc-final-project.git/repository/user_repository.go:53.2,55.16 3 1
github.com/ReygaFitra/inc-final-project.git/repository/user_repository.go:59.2,59.12 1 1
github.com/ReygaFitra/inc-final-project.git/repository/user_repository.go:49.16,51.3 1 1
github.com/ReygaFitra/inc-final-project.git/repository/user_repository.go:55.16,58.3 2 1
github.com/ReygaFitra/inc-final-project.git/repository/user_repository.go:62.39,66.16 4 1
github.com/ReygaFitra/inc-final-project.git/repository/user_repository.go:69.2,69.17 1 1
github.com/ReygaFitra/inc-final-project.git/repository/user_repository.go:72.2,74.18 2 1
github.com/ReygaFitra/inc-final-project.git/repository/user_repository.go:82.2,82.35 1 1
github.com/ReygaFitra/inc-final-project.git/repository/user_repository.go:86.2,86.21 1 1
github.com/ReygaFitra/inc-final-project.git/repository/user_repository.go:89.2,89.14 1 1
github.com/ReygaFitra/inc-final-project.git/repository/user_repository.go:66.16,68.3 1 1
github.com/ReygaFitra/inc-final-project.git/repository/user_repository.go:69.17,71.3 1 1
github.com/ReygaFitra/inc-final-project.git/repository/user_repository.go:74.18,76.139 2 1
github.com/ReygaFitra/inc-final-project.git/repository/user_repository.go:79.3,79.30 1 1
github.com/ReygaFitra/inc-final-project.git/repository/user_repository.go:76.139,78.4 1 1
github.com/ReygaFitra/inc-final-project.git/repository/user_repository.go:82.35,84.3 1 0
github.com/ReygaFitra/inc-final-project.git/repository/user_repository.go:86.21,88.3 1 0
github.com/ReygaFitra/inc-final-project.git/repository/user_repository.go:92.86,95.16 3 1
github.com/ReygaFitra/inc-final-project.git/repository/user_repository.go:101.2,101.19 1 1
github.com/ReygaFitra/inc-final-project.git/repository/user_repository.go:95.16,96.27 1 1
github.com/ReygaFitra/inc-final-project.git/repository/user_repository.go:99.3,99.18 1 1
github.com/ReygaFitra/inc-final-project.git/repository/user_repository.go:96.27,98.4 1 1
github.com/ReygaFitra/inc-final-project.git/repository/user_repository.go:104.64,109.16 3 1
github.com/ReygaFitra/inc-final-project.git/repository/user_repository.go:115.2,115.19 1 1
github.com/ReygaFitra/inc-final-project.git/repository/user_repository.go:109.16,110.27 1 1
github.com/ReygaFitra/inc-final-project.git/repository/user_repository.go:113.3,113.18 1 1
github.com/ReygaFitra/inc-final-project.git/repository/user_repository.go:110.27,112.4 1 1
github.com/ReygaFitra/inc-final-project.git/repository/user_repository.go:118.65,120.16 2 1
github.com/ReygaFitra/inc-final-project.git/repository/user_repository.go:124.2,126.16 3 1
github.com/ReygaFitra/inc-final-project.git/repository/user_repository.go:130.2,130.39 1 1
github.com/ReygaFitra/inc-final-project.git/repository/user_repository.go:120.16,122.3 1 1
github.com/ReygaFitra/inc-final-project.git/repository/user_repository.go:126.16,129.3 2 1
github.com/ReygaFitra/inc-final-project.git/repository/user_repository.go:133.71,135.16 2 1
github.com/ReygaFitra/inc-final-project.git/repository/user_repository.go:139.2,142.16 3 1
github.com/ReygaFitra/inc-final-project.git/repository/user_repository.go:146.2,146.50 1 1
github.com/ReygaFitra/inc-final-project.git/repository/user_repository.go:135.16,137.3 1 1
github.com/ReygaFitra/inc-final-project.git/repository/user_repository.go:142.16,145.3 2 1
github.com/ReygaFitra/inc-final-project.git/repository/user_repository.go:149.58,152.16 2 1
github.com/ReygaFitra/inc-final-project.git/repository/user_repository.go:157.2,159.16 3 1
github.com/ReygaFitra/inc-final-project.git/repository/user_repository.go:163.2,163.36 1 1
github.com/ReygaFitra/inc-final-project.git/repository/user_repository.go:152.16,154.3 1 1
github.com/ReygaFitra/inc-final-project.git/repository/user_repository.go:159.16,162.3 2 1
github.com/ReygaFitra/inc-final-project.git/repository/user_repository.go:166.70,169.16 2 1
github.com/ReygaFitra/inc-final-project.git/repository/user_repository.go:173.2,177.16 3 1
github.com/ReygaFitra/inc-final-project.git/repository/user_repository.go:181.2,181.18 1 1
github.com/ReygaFitra/inc-final-project.git/repository/user_repository.go:169.16,171.3 1 0
github.com/ReygaFitra/inc-final-project.git/repository/user_repository.go:177.16,180.3 2 1
github.com/ReygaFitra/inc-final-project.git/repository/user_repository.go:184.107,190.16 6 1
github.com/ReygaFitra/inc-final-project.git/repository/user_repository.go:199.2,200.16 2 1
github.com/ReygaFitra/inc-final-project.git/repository/user_repository.go:204.2,210.18 2 1
github.com/ReygaFitra/inc-final-project.git/repository/user_repository.go:190.16,191.27 1 1
github.com/ReygaFitra/inc-final-project.git/repository/user_repository.go:194.3,195.47 2 1
github.com/ReygaFitra/inc-final-project.git/repository/user_repository.go:191.27,193.4 1 0
github.com/ReygaFitra/inc-final-project.git/repository/user_repository.go:200.16,202.3 1 0
github.com/ReygaFitra/inc-final-project.git/repository/user_repository.go:213.51,215.2 1 1
