mode: set
github.com/ReygaFitra/inc-final-project.git/controller/bank_account_controller.go:21.62,24.16 2 1
github.com/ReygaFitra/inc-final-project.git/controller/bank_account_controller.go:28.2,31.19 3 1
github.com/ReygaFitra/inc-final-project.git/controller/bank_account_controller.go:37.2,38.63 2 1
github.com/ReygaFitra/inc-final-project.git/controller/bank_account_controller.go:24.16,26.3 1 0
github.com/ReygaFitra/inc-final-project.git/controller/bank_account_controller.go:31.19,35.3 3 1
github.com/ReygaFitra/inc-final-project.git/controller/bank_account_controller.go:41.67,43.16 2 1
github.com/ReygaFitra/inc-final-project.git/controller/bank_account_controller.go:47.2,50.16 3 1
github.com/ReygaFitra/inc-final-project.git/controller/bank_account_controller.go:56.2,57.16 2 1
github.com/ReygaFitra/inc-final-project.git/controller/bank_account_controller.go:63.2,64.69 2 1
github.com/ReygaFitra/inc-final-project.git/controller/bank_account_controller.go:43.16,45.3 1 0
github.com/ReygaFitra/inc-final-project.git/controller/bank_account_controller.go:50.16,54.3 3 1
github.com/ReygaFitra/inc-final-project.git/controller/bank_account_controller.go:57.16,61.3 3 1
github.com/ReygaFitra/inc-final-project.git/controller/bank_account_controller.go:67.70,69.16 2 1
github.com/ReygaFitra/inc-final-project.git/controller/bank_account_controller.go:73.2,76.16 3 1
github.com/ReygaFitra/inc-final-project.git/controller/bank_account_controller.go:82.2,83.25 2 1
github.com/ReygaFitra/inc-final-project.git/controller/bank_account_controller.go:89.2,90.69 2 1
github.com/ReygaFitra/inc-final-project.git/controller/bank_account_controller.go:69.16,71.3 1 0
github.com/ReygaFitra/inc-final-project.git/controller/bank_account_controller.go:76.16,80.3 3 1
github.com/ReygaFitra/inc-final-project.git/controller/bank_account_controller.go:83.25,88.3 3 1
github.com/ReygaFitra/inc-final-project.git/controller/bank_account_controller.go:93.65,95.16 2 0
github.com/ReygaFitra/inc-final-project.git/controller/bank_account_controller.go:99.2,102.13 3 0
github.com/ReygaFitra/inc-final-project.git/controller/bank_account_controller.go:108.2,110.16 3 0
github.com/ReygaFitra/inc-final-project.git/controller/bank_account_controller.go:116.2,116.103 1 0
github.com/ReygaFitra/inc-final-project.git/controller/bank_account_controller.go:122.2,123.16 2 0
github.com/ReygaFitra/inc-final-project.git/controller/bank_account_controller.go:129.2,130.68 2 0
github.com/ReygaFitra/inc-final-project.git/controller/bank_account_controller.go:95.16,97.3 1 0
github.com/ReygaFitra/inc-final-project.git/controller/bank_account_controller.go:102.13,106.3 3 0
github.com/ReygaFitra/inc-final-project.git/controller/bank_account_controller.go:110.16,114.3 3 0
github.com/ReygaFitra/inc-final-project.git/controller/bank_account_controller.go:116.103,120.3 3 0
github.com/ReygaFitra/inc-final-project.git/controller/bank_account_controller.go:123.16,127.3 3 0
github.com/ReygaFitra/inc-final-project.git/controller/bank_account_controller.go:133.52,135.16 2 1
github.com/ReygaFitra/inc-final-project.git/controller/bank_account_controller.go:139.2,142.16 3 1
github.com/ReygaFitra/inc-final-project.git/controller/bank_account_controller.go:148.2,149.25 2 1
github.com/ReygaFitra/inc-final-project.git/controller/bank_account_controller.go:155.2,156.64 2 1
github.com/ReygaFitra/inc-final-project.git/controller/bank_account_controller.go:162.2,162.43 1 1
github.com/ReygaFitra/inc-final-project.git/controller/bank_account_controller.go:168.2,168.85 1 1
github.com/ReygaFitra/inc-final-project.git/controller/bank_account_controller.go:174.2,176.67 3 1
github.com/ReygaFitra/inc-final-project.git/controller/bank_account_controller.go:135.16,137.3 1 0
github.com/ReygaFitra/inc-final-project.git/controller/bank_account_controller.go:142.16,146.3 3 1
github.com/ReygaFitra/inc-final-project.git/controller/bank_account_controller.go:149.25,153.3 3 1
github.com/ReygaFitra/inc-final-project.git/controller/bank_account_controller.go:156.64,160.3 3 0
github.com/ReygaFitra/inc-final-project.git/controller/bank_account_controller.go:162.43,166.3 3 0
github.com/ReygaFitra/inc-final-project.git/controller/bank_account_controller.go:168.85,172.3 3 0
github.com/ReygaFitra/inc-final-project.git/controller/bank_account_controller.go:179.56,181.16 2 1
github.com/ReygaFitra/inc-final-project.git/controller/bank_account_controller.go:185.2,188.16 3 1
github.com/ReygaFitra/inc-final-project.git/controller/bank_account_controller.go:194.2,199.60 4 1
github.com/ReygaFitra/inc-final-project.git/controller/bank_account_controller.go:181.16,183.3 1 0
github.com/ReygaFitra/inc-final-project.git/controller/bank_account_controller.go:188.16,192.3 3 1
github.com/ReygaFitra/inc-final-project.git/controller/bank_account_controller.go:202.64,204.16 2 1
github.com/ReygaFitra/inc-final-project.git/controller/bank_account_controller.go:208.2,211.16 3 1
github.com/ReygaFitra/inc-final-project.git/controller/bank_account_controller.go:217.2,218.16 2 1
github.com/ReygaFitra/inc-final-project.git/controller/bank_account_controller.go:223.2,224.92 2 1
github.com/ReygaFitra/inc-final-project.git/controller/bank_account_controller.go:204.16,206.3 1 0
github.com/ReygaFitra/inc-final-project.git/controller/bank_account_controller.go:211.16,215.3 3 1
github.com/ReygaFitra/inc-final-project.git/controller/bank_account_controller.go:218.16,222.3 3 1
github.com/ReygaFitra/inc-final-project.git/controller/bank_account_controller.go:227.72,232.2 2 1
github.com/ReygaFitra/inc-final-project.git/controller/card_controller.go:21.56,24.16 2 1
github.com/ReygaFitra/inc-final-project.git/controller/card_controller.go:28.2,31.19 3 1
github.com/ReygaFitra/inc-final-project.git/controller/card_controller.go:37.2,38.63 2 1
github.com/ReygaFitra/inc-final-project.git/controller/card_controller.go:24.16,26.3 1 0
github.com/ReygaFitra/inc-final-project.git/controller/card_controller.go:31.19,35.3 3 1
github.com/ReygaFitra/inc-final-project.git/controller/card_controller.go:41.61,43.16 2 1
github.com/ReygaFitra/inc-final-project.git/controller/card_controller.go:47.2,50.16 3 1
github.com/ReygaFitra/inc-final-project.git/controller/card_controller.go:56.2,57.25 2 1
github.com/ReygaFitra/inc-final-project.git/controller/card_controller.go:63.2,64.69 2 1
github.com/ReygaFitra/inc-final-project.git/controller/card_controller.go:43.16,45.3 1 0
github.com/ReygaFitra/inc-final-project.git/controller/card_controller.go:50.16,54.3 3 1
github.com/ReygaFitra/inc-final-project.git/controller/card_controller.go:57.25,61.3 3 1
github.com/ReygaFitra/inc-final-project.git/controller/card_controller.go:67.61,69.16 2 1
github.com/ReygaFitra/inc-final-project.git/controller/card_controller.go:73.2,76.16 3 1
github.com/ReygaFitra/inc-final-project.git/controller/card_controller.go:82.2,83.25 2 1
github.com/ReygaFitra/inc-final-project.git/controller/card_controller.go:89.2,90.69 2 1
github.com/ReygaFitra/inc-final-project.git/controller/card_controller.go:69.16,71.3 1 0
github.com/ReygaFitra/inc-final-project.git/controller/card_controller.go:76.16,80.3 3 1
github.com/ReygaFitra/inc-final-project.git/controller/card_controller.go:83.25,87.3 3 1
github.com/ReygaFitra/inc-final-project.git/controller/card_controller.go:93.57,95.16 2 0
github.com/ReygaFitra/inc-final-project.git/controller/card_controller.go:99.2,102.13 3 0
github.com/ReygaFitra/inc-final-project.git/controller/card_controller.go:108.2,110.16 3 0
github.com/ReygaFitra/inc-final-project.git/controller/card_controller.go:116.2,116.109 1 0
github.com/ReygaFitra/inc-final-project.git/controller/card_controller.go:122.2,123.16 2 0
github.com/ReygaFitra/inc-final-project.git/controller/card_controller.go:129.2,130.68 2 0
github.com/ReygaFitra/inc-final-project.git/controller/card_controller.go:95.16,97.3 1 0
github.com/ReygaFitra/inc-final-project.git/controller/card_controller.go:102.13,106.3 3 0
github.com/ReygaFitra/inc-final-project.git/controller/card_controller.go:110.16,114.3 3 0
github.com/ReygaFitra/inc-final-project.git/controller/card_controller.go:116.109,120.3 3 0
github.com/ReygaFitra/inc-final-project.git/controller/card_controller.go:123.16,127.3 3 0
github.com/ReygaFitra/inc-final-project.git/controller/card_controller.go:133.49,135.16 2 1
github.com/ReygaFitra/inc-final-project.git/controller/card_controller.go:139.2,142.16 3 1
github.com/ReygaFitra/inc-final-project.git/controller/card_controller.go:148.2,149.25 2 1
github.com/ReygaFitra/inc-final-project.git/controller/card_controller.go:155.2,156.64 2 1
github.com/ReygaFitra/inc-final-project.git/controller/card_controller.go:162.2,162.43 1 1
github.com/ReygaFitra/inc-final-project.git/controller/card_controller.go:168.2,168.97 1 1
github.com/ReygaFitra/inc-final-project.git/controller/card_controller.go:173.2,176.67 3 1
github.com/ReygaFitra/inc-final-project.git/controller/card_controller.go:135.16,137.3 1 0
github.com/ReygaFitra/inc-final-project.git/controller/card_controller.go:142.16,146.3 3 1
github.com/ReygaFitra/inc-final-project.git/controller/card_controller.go:149.25,153.3 3 1
github.com/ReygaFitra/inc-final-project.git/controller/card_controller.go:156.64,160.3 3 0
github.com/ReygaFitra/inc-final-project.git/controller/card_controller.go:162.43,166.3 3 0
github.com/ReygaFitra/inc-final-project.git/controller/card_controller.go:168.97,172.3 3 0
github.com/ReygaFitra/inc-final-project.git/controller/card_controller.go:179.53,181.16 2 1
github.com/ReygaFitra/inc-final-project.git/controller/card_controller.go:185.2,188.16 3 1
github.com/ReygaFitra/inc-final-project.git/controller/card_controller.go:193.2,199.63 4 1
github.com/ReygaFitra/inc-final-project.git/controller/card_controller.go:181.16,183.3 1 0
github.com/ReygaFitra/inc-final-project.git/controller/card_controller.go:188.16,191.3 2 1
github.com/ReygaFitra/inc-final-project.git/controller/card_controller.go:202.58,204.16 2 1
github.com/ReygaFitra/inc-final-project.git/controller/card_controller.go:208.2,211.16 3 1
github.com/ReygaFitra/inc-final-project.git/controller/card_controller.go:217.2,218.16 2 1
github.com/ReygaFitra/inc-final-project.git/controller/card_controller.go:224.2,225.87 2 1
github.com/ReygaFitra/inc-final-project.git/controller/card_controller.go:204.16,206.3 1 0
github.com/ReygaFitra/inc-final-project.git/controller/card_controller.go:211.16,215.3 3 1
github.com/ReygaFitra/inc-final-project.git/controller/card_controller.go:218.16,222.3 3 1
github.com/ReygaFitra/inc-final-project.git/controller/card_controller.go:228.63,234.2 2 1
github.com/ReygaFitra/inc-final-project.git/controller/photo_controller.go:24.52,27.16 2 0
github.com/ReygaFitra/inc-final-project.git/controller/photo_controller.go:31.2,34.16 3 0
github.com/ReygaFitra/inc-final-project.git/controller/photo_controller.go:40.2,41.16 2 0
github.com/ReygaFitra/inc-final-project.git/controller/photo_controller.go:47.2,50.44 3 0
github.com/ReygaFitra/inc-final-project.git/controller/photo_controller.go:55.2,56.16 2 0
github.com/ReygaFitra/inc-final-project.git/controller/photo_controller.go:61.2,63.16 3 0
github.com/ReygaFitra/inc-final-project.git/controller/photo_controller.go:68.2,71.54 3 0
github.com/ReygaFitra/inc-final-project.git/controller/photo_controller.go:76.2,77.16 2 0
github.com/ReygaFitra/inc-final-project.git/controller/photo_controller.go:83.2,88.16 3 0
github.com/ReygaFitra/inc-final-project.git/controller/photo_controller.go:93.2,94.88 2 0
github.com/ReygaFitra/inc-final-project.git/controller/photo_controller.go:27.16,29.3 1 0
github.com/ReygaFitra/inc-final-project.git/controller/photo_controller.go:34.16,38.3 3 0
github.com/ReygaFitra/inc-final-project.git/controller/photo_controller.go:41.16,45.3 3 0
github.com/ReygaFitra/inc-final-project.git/controller/photo_controller.go:50.44,54.3 3 0
github.com/ReygaFitra/inc-final-project.git/controller/photo_controller.go:56.16,60.3 3 0
github.com/ReygaFitra/inc-final-project.git/controller/photo_controller.go:63.16,67.3 3 0
github.com/ReygaFitra/inc-final-project.git/controller/photo_controller.go:71.54,75.3 3 0
github.com/ReygaFitra/inc-final-project.git/controller/photo_controller.go:77.16,81.3 3 0
github.com/ReygaFitra/inc-final-project.git/controller/photo_controller.go:88.16,92.3 3 0
github.com/ReygaFitra/inc-final-project.git/controller/photo_controller.go:97.54,100.16 2 1
github.com/ReygaFitra/inc-final-project.git/controller/photo_controller.go:104.2,106.16 3 1
github.com/ReygaFitra/inc-final-project.git/controller/photo_controller.go:111.2,112.16 2 1
github.com/ReygaFitra/inc-final-project.git/controller/photo_controller.go:117.2,118.16 2 1
github.com/ReygaFitra/inc-final-project.git/controller/photo_controller.go:123.2,125.114 2 0
github.com/ReygaFitra/inc-final-project.git/controller/photo_controller.go:131.2,132.77 2 0
github.com/ReygaFitra/inc-final-project.git/controller/photo_controller.go:135.2,138.80 4 0
github.com/ReygaFitra/inc-final-project.git/controller/photo_controller.go:100.16,102.3 1 0
github.com/ReygaFitra/inc-final-project.git/controller/photo_controller.go:106.16,110.3 3 1
github.com/ReygaFitra/inc-final-project.git/controller/photo_controller.go:112.16,116.3 3 1
github.com/ReygaFitra/inc-final-project.git/controller/photo_controller.go:118.16,122.3 3 1
github.com/ReygaFitra/inc-final-project.git/controller/photo_controller.go:125.114,129.3 3 0
github.com/ReygaFitra/inc-final-project.git/controller/photo_controller.go:132.77,134.3 1 0
github.com/ReygaFitra/inc-final-project.git/controller/photo_controller.go:141.50,144.16 2 0
github.com/ReygaFitra/inc-final-project.git/controller/photo_controller.go:148.2,151.16 3 0
github.com/ReygaFitra/inc-final-project.git/controller/photo_controller.go:157.2,158.16 2 0
github.com/ReygaFitra/inc-final-project.git/controller/photo_controller.go:164.2,167.16 4 0
github.com/ReygaFitra/inc-final-project.git/controller/photo_controller.go:172.2,174.16 3 0
github.com/ReygaFitra/inc-final-project.git/controller/photo_controller.go:179.2,182.54 3 0
github.com/ReygaFitra/inc-final-project.git/controller/photo_controller.go:189.2,190.16 2 0
github.com/ReygaFitra/inc-final-project.git/controller/photo_controller.go:195.2,200.16 3 0
github.com/ReygaFitra/inc-final-project.git/controller/photo_controller.go:205.2,205.21 1 0
github.com/ReygaFitra/inc-final-project.git/controller/photo_controller.go:210.2,211.16 2 0
github.com/ReygaFitra/inc-final-project.git/controller/photo_controller.go:216.2,217.81 2 0
github.com/ReygaFitra/inc-final-project.git/controller/photo_controller.go:144.16,146.3 1 0
github.com/ReygaFitra/inc-final-project.git/controller/photo_controller.go:151.16,155.3 3 0
github.com/ReygaFitra/inc-final-project.git/controller/photo_controller.go:158.16,162.3 3 0
github.com/ReygaFitra/inc-final-project.git/controller/photo_controller.go:167.16,171.3 3 0
github.com/ReygaFitra/inc-final-project.git/controller/photo_controller.go:174.16,178.3 3 0
github.com/ReygaFitra/inc-final-project.git/controller/photo_controller.go:182.54,186.3 3 0
github.com/ReygaFitra/inc-final-project.git/controller/photo_controller.go:190.16,194.3 3 0
github.com/ReygaFitra/inc-final-project.git/controller/photo_controller.go:200.16,204.3 3 0
github.com/ReygaFitra/inc-final-project.git/controller/photo_controller.go:205.21,206.48 1 0
github.com/ReygaFitra/inc-final-project.git/controller/photo_controller.go:206.48,208.4 1 0
github.com/ReygaFitra/inc-final-project.git/controller/photo_controller.go:211.16,215.3 3 0
github.com/ReygaFitra/inc-final-project.git/controller/photo_controller.go:220.52,223.16 2 1
github.com/ReygaFitra/inc-final-project.git/controller/photo_controller.go:227.2,229.16 3 1
github.com/ReygaFitra/inc-final-project.git/controller/photo_controller.go:235.2,236.16 2 0
github.com/ReygaFitra/inc-final-project.git/controller/photo_controller.go:241.2,242.16 2 0
github.com/ReygaFitra/inc-final-project.git/controller/photo_controller.go:247.2,249.60 3 0
github.com/ReygaFitra/inc-final-project.git/controller/photo_controller.go:223.16,225.3 1 0
github.com/ReygaFitra/inc-final-project.git/controller/photo_controller.go:229.16,233.3 3 1
github.com/ReygaFitra/inc-final-project.git/controller/photo_controller.go:236.16,240.3 3 0
github.com/ReygaFitra/inc-final-project.git/controller/photo_controller.go:242.16,246.3 3 0
github.com/ReygaFitra/inc-final-project.git/controller/photo_controller.go:252.66,257.2 2 1
github.com/ReygaFitra/inc-final-project.git/controller/tx_controller.go:23.69,26.16 2 1
github.com/ReygaFitra/inc-final-project.git/controller/tx_controller.go:30.2,34.16 3 1
github.com/ReygaFitra/inc-final-project.git/controller/tx_controller.go:41.2,42.16 2 1
github.com/ReygaFitra/inc-final-project.git/controller/tx_controller.go:49.2,50.16 2 1
github.com/ReygaFitra/inc-final-project.git/controller/tx_controller.go:57.2,57.36 1 1
github.com/ReygaFitra/inc-final-project.git/controller/tx_controller.go:65.2,66.53 2 1
github.com/ReygaFitra/inc-final-project.git/controller/tx_controller.go:73.2,77.64 3 1
github.com/ReygaFitra/inc-final-project.git/controller/tx_controller.go:84.2,85.103 2 1
github.com/ReygaFitra/inc-final-project.git/controller/tx_controller.go:26.16,28.3 1 0
github.com/ReygaFitra/inc-final-project.git/controller/tx_controller.go:34.16,38.3 3 1
github.com/ReygaFitra/inc-final-project.git/controller/tx_controller.go:42.16,46.3 3 1
github.com/ReygaFitra/inc-final-project.git/controller/tx_controller.go:50.16,54.3 3 1
github.com/ReygaFitra/inc-final-project.git/controller/tx_controller.go:57.36,62.3 3 1
github.com/ReygaFitra/inc-final-project.git/controller/tx_controller.go:66.53,70.3 3 1
github.com/ReygaFitra/inc-final-project.git/controller/tx_controller.go:77.64,81.3 3 1
github.com/ReygaFitra/inc-final-project.git/controller/tx_controller.go:88.69,90.16 2 1
github.com/ReygaFitra/inc-final-project.git/controller/tx_controller.go:94.2,98.16 3 1
github.com/ReygaFitra/inc-final-project.git/controller/tx_controller.go:103.2,104.16 2 1
github.com/ReygaFitra/inc-final-project.git/controller/tx_controller.go:109.2,110.16 2 1
github.com/ReygaFitra/inc-final-project.git/controller/tx_controller.go:116.2,116.36 1 1
github.com/ReygaFitra/inc-final-project.git/controller/tx_controller.go:123.2,124.53 2 1
github.com/ReygaFitra/inc-final-project.git/controller/tx_controller.go:131.2,135.64 3 1
github.com/ReygaFitra/inc-final-project.git/controller/tx_controller.go:142.2,143.103 2 1
github.com/ReygaFitra/inc-final-project.git/controller/tx_controller.go:90.16,92.3 1 0
github.com/ReygaFitra/inc-final-project.git/controller/tx_controller.go:98.16,102.3 3 1
github.com/ReygaFitra/inc-final-project.git/controller/tx_controller.go:104.16,108.3 3 1
github.com/ReygaFitra/inc-final-project.git/controller/tx_controller.go:110.16,114.3 3 1
github.com/ReygaFitra/inc-final-project.git/controller/tx_controller.go:116.36,120.3 3 1
github.com/ReygaFitra/inc-final-project.git/controller/tx_controller.go:124.53,128.3 3 1
github.com/ReygaFitra/inc-final-project.git/controller/tx_controller.go:135.64,139.3 3 1
github.com/ReygaFitra/inc-final-project.git/controller/tx_controller.go:146.68,148.16 2 1
github.com/ReygaFitra/inc-final-project.git/controller/tx_controller.go:152.2,156.16 3 1
github.com/ReygaFitra/inc-final-project.git/controller/tx_controller.go:161.2,162.16 2 1
github.com/ReygaFitra/inc-final-project.git/controller/tx_controller.go:169.2,170.16 2 1
github.com/ReygaFitra/inc-final-project.git/controller/tx_controller.go:175.2,175.36 1 1
github.com/ReygaFitra/inc-final-project.git/controller/tx_controller.go:182.2,183.53 2 1
github.com/ReygaFitra/inc-final-project.git/controller/tx_controller.go:190.2,193.63 2 1
github.com/ReygaFitra/inc-final-project.git/controller/tx_controller.go:204.2,205.106 2 1
github.com/ReygaFitra/inc-final-project.git/controller/tx_controller.go:148.16,150.3 1 0
github.com/ReygaFitra/inc-final-project.git/controller/tx_controller.go:156.16,160.3 3 1
github.com/ReygaFitra/inc-final-project.git/controller/tx_controller.go:162.16,166.3 3 1
github.com/ReygaFitra/inc-final-project.git/controller/tx_controller.go:170.16,174.3 3 1
github.com/ReygaFitra/inc-final-project.git/controller/tx_controller.go:175.36,179.3 3 1
github.com/ReygaFitra/inc-final-project.git/controller/tx_controller.go:183.53,187.3 3 1
github.com/ReygaFitra/inc-final-project.git/controller/tx_controller.go:193.63,194.44 1 1
github.com/ReygaFitra/inc-final-project.git/controller/tx_controller.go:194.44,198.4 3 1
github.com/ReygaFitra/inc-final-project.git/controller/tx_controller.go:198.9,202.4 3 1
github.com/ReygaFitra/inc-final-project.git/controller/tx_controller.go:208.77,210.16 2 1
github.com/ReygaFitra/inc-final-project.git/controller/tx_controller.go:214.2,218.51 3 1
github.com/ReygaFitra/inc-final-project.git/controller/tx_controller.go:224.2,225.16 2 1
github.com/ReygaFitra/inc-final-project.git/controller/tx_controller.go:232.2,233.16 2 1
github.com/ReygaFitra/inc-final-project.git/controller/tx_controller.go:239.2,240.16 2 1
github.com/ReygaFitra/inc-final-project.git/controller/tx_controller.go:246.2,246.41 1 1
github.com/ReygaFitra/inc-final-project.git/controller/tx_controller.go:252.2,253.16 2 1
github.com/ReygaFitra/inc-final-project.git/controller/tx_controller.go:259.2,260.68 2 1
github.com/ReygaFitra/inc-final-project.git/controller/tx_controller.go:210.16,212.3 1 0
github.com/ReygaFitra/inc-final-project.git/controller/tx_controller.go:218.51,222.3 3 1
github.com/ReygaFitra/inc-final-project.git/controller/tx_controller.go:225.16,229.3 3 1
github.com/ReygaFitra/inc-final-project.git/controller/tx_controller.go:233.16,237.3 3 1
github.com/ReygaFitra/inc-final-project.git/controller/tx_controller.go:240.16,244.3 3 1
github.com/ReygaFitra/inc-final-project.git/controller/tx_controller.go:246.41,249.3 2 1
github.com/ReygaFitra/inc-final-project.git/controller/tx_controller.go:253.16,257.3 3 1
github.com/ReygaFitra/inc-final-project.git/controller/tx_controller.go:262.75,264.16 2 1
github.com/ReygaFitra/inc-final-project.git/controller/tx_controller.go:268.2,272.16 3 1
github.com/ReygaFitra/inc-final-project.git/controller/tx_controller.go:277.2,278.16 2 1
github.com/ReygaFitra/inc-final-project.git/controller/tx_controller.go:284.2,286.16 2 1
github.com/ReygaFitra/inc-final-project.git/controller/tx_controller.go:292.2,293.16 2 1
github.com/ReygaFitra/inc-final-project.git/controller/tx_controller.go:300.2,301.52 2 1
github.com/ReygaFitra/inc-final-project.git/controller/tx_controller.go:307.2,308.27 2 1
github.com/ReygaFitra/inc-final-project.git/controller/tx_controller.go:314.2,314.31 1 1
github.com/ReygaFitra/inc-final-project.git/controller/tx_controller.go:321.2,326.16 4 1
github.com/ReygaFitra/inc-final-project.git/controller/tx_controller.go:332.2,333.103 2 1
github.com/ReygaFitra/inc-final-project.git/controller/tx_controller.go:264.16,266.3 1 0
github.com/ReygaFitra/inc-final-project.git/controller/tx_controller.go:272.16,276.3 3 1
github.com/ReygaFitra/inc-final-project.git/controller/tx_controller.go:278.16,282.3 3 1
github.com/ReygaFitra/inc-final-project.git/controller/tx_controller.go:286.16,290.3 3 1
github.com/ReygaFitra/inc-final-project.git/controller/tx_controller.go:293.16,297.3 3 1
github.com/ReygaFitra/inc-final-project.git/controller/tx_controller.go:301.52,306.3 4 1
github.com/ReygaFitra/inc-final-project.git/controller/tx_controller.go:308.27,313.3 4 1
github.com/ReygaFitra/inc-final-project.git/controller/tx_controller.go:314.31,319.3 4 1
github.com/ReygaFitra/inc-final-project.git/controller/tx_controller.go:326.16,330.3 3 1
github.com/ReygaFitra/inc-final-project.git/controller/tx_controller.go:336.67,338.16 2 1
github.com/ReygaFitra/inc-final-project.git/controller/tx_controller.go:342.2,345.16 3 1
github.com/ReygaFitra/inc-final-project.git/controller/tx_controller.go:352.2,353.16 2 1
github.com/ReygaFitra/inc-final-project.git/controller/tx_controller.go:359.2,360.16 2 1
github.com/ReygaFitra/inc-final-project.git/controller/tx_controller.go:366.2,367.60 2 1
github.com/ReygaFitra/inc-final-project.git/controller/tx_controller.go:338.16,340.3 1 0
github.com/ReygaFitra/inc-final-project.git/controller/tx_controller.go:345.16,349.3 3 1
github.com/ReygaFitra/inc-final-project.git/controller/tx_controller.go:353.16,357.3 3 1
github.com/ReygaFitra/inc-final-project.git/controller/tx_controller.go:360.16,364.3 3 1
github.com/ReygaFitra/inc-final-project.git/controller/tx_controller.go:370.165,378.2 2 1
github.com/ReygaFitra/inc-final-project.git/controller/user_controller.go:24.54,27.16 2 1
github.com/ReygaFitra/inc-final-project.git/controller/user_controller.go:31.2,34.16 3 1
github.com/ReygaFitra/inc-final-project.git/controller/user_controller.go:40.2,41.60 2 1
github.com/ReygaFitra/inc-final-project.git/controller/user_controller.go:27.16,29.3 1 0
github.com/ReygaFitra/inc-final-project.git/controller/user_controller.go:34.16,38.3 3 1
github.com/ReygaFitra/inc-final-project.git/controller/user_controller.go:44.63,47.16 2 1
github.com/ReygaFitra/inc-final-project.git/controller/user_controller.go:51.2,54.16 4 1
github.com/ReygaFitra/inc-final-project.git/controller/user_controller.go:59.2,60.60 2 1
github.com/ReygaFitra/inc-final-project.git/controller/user_controller.go:47.16,49.3 1 0
github.com/ReygaFitra/inc-final-project.git/controller/user_controller.go:54.16,58.3 3 1
github.com/ReygaFitra/inc-final-project.git/controller/user_controller.go:63.53,66.16 2 1
github.com/ReygaFitra/inc-final-project.git/controller/user_controller.go:70.2,72.47 3 1
github.com/ReygaFitra/inc-final-project.git/controller/user_controller.go:78.2,78.154 1 1
github.com/ReygaFitra/inc-final-project.git/controller/user_controller.go:83.2,83.53 1 1
github.com/ReygaFitra/inc-final-project.git/controller/user_controller.go:87.2,87.31 1 1
github.com/ReygaFitra/inc-final-project.git/controller/user_controller.go:92.2,92.40 1 1
github.com/ReygaFitra/inc-final-project.git/controller/user_controller.go:96.2,96.70 1 1
github.com/ReygaFitra/inc-final-project.git/controller/user_controller.go:101.2,102.16 2 1
github.com/ReygaFitra/inc-final-project.git/controller/user_controller.go:108.2,109.65 2 1
github.com/ReygaFitra/inc-final-project.git/controller/user_controller.go:66.16,68.3 1 0
github.com/ReygaFitra/inc-final-project.git/controller/user_controller.go:72.47,76.3 3 1
github.com/ReygaFitra/inc-final-project.git/controller/user_controller.go:78.154,82.3 3 1
github.com/ReygaFitra/inc-final-project.git/controller/user_controller.go:83.53,86.3 2 1
github.com/ReygaFitra/inc-final-project.git/controller/user_controller.go:87.31,91.3 3 1
github.com/ReygaFitra/inc-final-project.git/controller/user_controller.go:92.40,95.3 2 1
github.com/ReygaFitra/inc-final-project.git/controller/user_controller.go:96.70,99.3 2 1
github.com/ReygaFitra/inc-final-project.git/controller/user_controller.go:102.16,106.3 3 0
github.com/ReygaFitra/inc-final-project.git/controller/user_controller.go:112.62,115.16 2 1
github.com/ReygaFitra/inc-final-project.git/controller/user_controller.go:119.2,123.16 4 1
github.com/ReygaFitra/inc-final-project.git/controller/user_controller.go:130.2,131.25 2 1
github.com/ReygaFitra/inc-final-project.git/controller/user_controller.go:138.2,139.64 2 1
github.com/ReygaFitra/inc-final-project.git/controller/user_controller.go:144.2,144.43 1 1
github.com/ReygaFitra/inc-final-project.git/controller/user_controller.go:149.2,149.50 1 1
github.com/ReygaFitra/inc-final-project.git/controller/user_controller.go:153.2,153.28 1 1
github.com/ReygaFitra/inc-final-project.git/controller/user_controller.go:158.2,158.37 1 1
github.com/ReygaFitra/inc-final-project.git/controller/user_controller.go:166.2,167.23 2 1
github.com/ReygaFitra/inc-final-project.git/controller/user_controller.go:172.2,173.68 2 1
github.com/ReygaFitra/inc-final-project.git/controller/user_controller.go:115.16,117.3 1 0
github.com/ReygaFitra/inc-final-project.git/controller/user_controller.go:123.16,127.3 3 1
github.com/ReygaFitra/inc-final-project.git/controller/user_controller.go:131.25,135.3 3 1
github.com/ReygaFitra/inc-final-project.git/controller/user_controller.go:139.64,143.3 3 0
github.com/ReygaFitra/inc-final-project.git/controller/user_controller.go:144.43,148.3 3 1
github.com/ReygaFitra/inc-final-project.git/controller/user_controller.go:149.50,152.3 2 1
github.com/ReygaFitra/inc-final-project.git/controller/user_controller.go:153.28,157.3 3 1
github.com/ReygaFitra/inc-final-project.git/controller/user_controller.go:158.37,161.3 2 1
github.com/ReygaFitra/inc-final-project.git/controller/user_controller.go:167.23,171.3 3 0
github.com/ReygaFitra/inc-final-project.git/controller/user_controller.go:176.56,179.16 2 1
github.com/ReygaFitra/inc-final-project.git/controller/user_controller.go:183.2,187.16 4 1
github.com/ReygaFitra/inc-final-project.git/controller/user_controller.go:194.2,195.25 2 1
github.com/ReygaFitra/inc-final-project.git/controller/user_controller.go:202.2,203.64 2 1
github.com/ReygaFitra/inc-final-project.git/controller/user_controller.go:210.2,210.43 1 1
github.com/ReygaFitra/inc-final-project.git/controller/user_controller.go:215.2,215.64 1 1
github.com/ReygaFitra/inc-final-project.git/controller/user_controller.go:221.2,222.23 2 1
github.com/ReygaFitra/inc-final-project.git/controller/user_controller.go:228.2,229.68 2 1
github.com/ReygaFitra/inc-final-project.git/controller/user_controller.go:179.16,181.3 1 0
github.com/ReygaFitra/inc-final-project.git/controller/user_controller.go:187.16,191.3 3 1
github.com/ReygaFitra/inc-final-project.git/controller/user_controller.go:195.25,199.3 3 1
github.com/ReygaFitra/inc-final-project.git/controller/user_controller.go:203.64,207.3 3 0
github.com/ReygaFitra/inc-final-project.git/controller/user_controller.go:210.43,214.3 3 1
github.com/ReygaFitra/inc-final-project.git/controller/user_controller.go:215.64,218.3 2 1
github.com/ReygaFitra/inc-final-project.git/controller/user_controller.go:222.23,226.3 3 0
github.com/ReygaFitra/inc-final-project.git/controller/user_controller.go:232.50,235.16 2 1
github.com/ReygaFitra/inc-final-project.git/controller/user_controller.go:239.2,247.60 6 1
github.com/ReygaFitra/inc-final-project.git/controller/user_controller.go:235.16,237.3 1 0
github.com/ReygaFitra/inc-final-project.git/controller/user_controller.go:250.70,255.2 2 1
github.com/ReygaFitra/inc-final-project.git/controller/user_controller.go:257.68,259.16 2 0
github.com/ReygaFitra/inc-final-project.git/controller/user_controller.go:263.2,264.30 2 0
github.com/ReygaFitra/inc-final-project.git/controller/user_controller.go:259.16,261.3 1 0
github.com/ReygaFitra/inc-final-project.git/controller/user_controller.go:264.30,270.24 3 0
github.com/ReygaFitra/inc-final-project.git/controller/user_controller.go:277.3,277.112 1 0
github.com/ReygaFitra/inc-final-project.git/controller/user_controller.go:281.3,281.33 1 0
github.com/ReygaFitra/inc-final-project.git/controller/user_controller.go:289.3,291.10 3 0
github.com/ReygaFitra/inc-final-project.git/controller/user_controller.go:297.3,298.10 2 0
github.com/ReygaFitra/inc-final-project.git/controller/user_controller.go:304.3,306.10 2 0
github.com/ReygaFitra/inc-final-project.git/controller/user_controller.go:313.3,314.17 2 0
github.com/ReygaFitra/inc-final-project.git/controller/user_controller.go:321.3,322.19 2 0
github.com/ReygaFitra/inc-final-project.git/controller/user_controller.go:328.3,328.34 1 0
github.com/ReygaFitra/inc-final-project.git/controller/user_controller.go:336.3,341.44 5 0
github.com/ReygaFitra/inc-final-project.git/controller/user_controller.go:270.24,275.4 4 0
github.com/ReygaFitra/inc-final-project.git/controller/user_controller.go:277.112,279.4 1 0
github.com/ReygaFitra/inc-final-project.git/controller/user_controller.go:281.33,287.4 4 0
github.com/ReygaFitra/inc-final-project.git/controller/user_controller.go:291.10,296.4 4 0
github.com/ReygaFitra/inc-final-project.git/controller/user_controller.go:298.10,303.4 4 0
github.com/ReygaFitra/inc-final-project.git/controller/user_controller.go:306.10,311.4 4 0
github.com/ReygaFitra/inc-final-project.git/controller/user_controller.go:314.17,319.4 4 0
github.com/ReygaFitra/inc-final-project.git/controller/user_controller.go:322.19,326.4 3 0
github.com/ReygaFitra/inc-final-project.git/controller/user_controller.go:328.34,334.4 4 0
github.com/ReygaFitra/inc-final-project.git/controller/user_controller.go:345.44,349.32 3 1
github.com/ReygaFitra/inc-final-project.git/controller/user_controller.go:357.2,357.27 1 1
github.com/ReygaFitra/inc-final-project.git/controller/user_controller.go:349.32,350.29 1 1
github.com/ReygaFitra/inc-final-project.git/controller/user_controller.go:350.29,352.4 1 1
github.com/ReygaFitra/inc-final-project.git/controller/user_controller.go:352.9,352.35 1 1
github.com/ReygaFitra/inc-final-project.git/controller/user_controller.go:352.35,354.4 1 1
github.com/ReygaFitra/inc-final-project.git/controller/auth.go:24.61,26.16 2 1
github.com/ReygaFitra/inc-final-project.git/controller/auth.go:30.2,45.16 11 1
github.com/ReygaFitra/inc-final-project.git/controller/auth.go:50.2,52.25 2 1
github.com/ReygaFitra/inc-final-project.git/controller/auth.go:26.16,28.3 1 0
github.com/ReygaFitra/inc-final-project.git/controller/auth.go:45.16,48.3 2 0
github.com/ReygaFitra/inc-final-project.git/controller/auth.go:55.39,57.16 2 1
github.com/ReygaFitra/inc-final-project.git/controller/auth.go:61.2,62.30 2 1
github.com/ReygaFitra/inc-final-project.git/controller/auth.go:57.16,59.3 1 0
github.com/ReygaFitra/inc-final-project.git/controller/auth.go:62.30,65.24 2 1
github.com/ReygaFitra/inc-final-project.git/controller/auth.go:73.3,73.112 1 1
github.com/ReygaFitra/inc-final-project.git/controller/auth.go:79.3,79.33 1 1
github.com/ReygaFitra/inc-final-project.git/controller/auth.go:86.3,88.10 3 1
github.com/ReygaFitra/inc-final-project.git/controller/auth.go:94.3,95.10 2 1
github.com/ReygaFitra/inc-final-project.git/controller/auth.go:101.3,102.10 2 1
github.com/ReygaFitra/inc-final-project.git/controller/auth.go:108.3,109.30 2 1
github.com/ReygaFitra/inc-final-project.git/controller/auth.go:115.3,120.43 5 1
github.com/ReygaFitra/inc-final-project.git/controller/auth.go:65.24,71.4 4 1
github.com/ReygaFitra/inc-final-project.git/controller/auth.go:73.112,77.4 2 1
github.com/ReygaFitra/inc-final-project.git/controller/auth.go:79.33,84.4 4 1
github.com/ReygaFitra/inc-final-project.git/controller/auth.go:88.10,93.4 4 0
github.com/ReygaFitra/inc-final-project.git/controller/auth.go:95.10,100.4 4 0
github.com/ReygaFitra/inc-final-project.git/controller/auth.go:102.10,107.4 4 0
github.com/ReygaFitra/inc-final-project.git/controller/auth.go:109.30,113.4 3 0
github.com/ReygaFitra/inc-final-project.git/controller/auth.go:124.43,126.16 2 0
github.com/ReygaFitra/inc-final-project.git/controller/auth.go:130.2,133.48 3 0
github.com/ReygaFitra/inc-final-project.git/controller/auth.go:141.2,142.16 2 0
github.com/ReygaFitra/inc-final-project.git/controller/auth.go:150.2,151.16 2 0
github.com/ReygaFitra/inc-final-project.git/controller/auth.go:159.2,160.16 2 0
github.com/ReygaFitra/inc-final-project.git/controller/auth.go:166.2,169.38 2 0
github.com/ReygaFitra/inc-final-project.git/controller/auth.go:126.16,128.3 1 0
github.com/ReygaFitra/inc-final-project.git/controller/auth.go:133.48,138.3 3 0
github.com/ReygaFitra/inc-final-project.git/controller/auth.go:142.16,147.3 3 0
github.com/ReygaFitra/inc-final-project.git/controller/auth.go:151.16,156.3 3 0
github.com/ReygaFitra/inc-final-project.git/controller/auth.go:160.16,164.3 3 0
github.com/ReygaFitra/inc-final-project.git/controller/auth.go:172.52,178.2 2 0
github.com/ReygaFitra/inc-final-project.git/controller/auth.go:180.43,182.16 2 1
github.com/ReygaFitra/inc-final-project.git/controller/auth.go:186.2,187.30 2 1
github.com/ReygaFitra/inc-final-project.git/controller/auth.go:182.16,184.3 1 0
github.com/ReygaFitra/inc-final-project.git/controller/auth.go:187.30,190.24 2 1
github.com/ReygaFitra/inc-final-project.git/controller/auth.go:196.3,196.112 1 1
github.com/ReygaFitra/inc-final-project.git/controller/auth.go:201.3,201.33 1 1
github.com/ReygaFitra/inc-final-project.git/controller/auth.go:207.3,209.10 3 1
github.com/ReygaFitra/inc-final-project.git/controller/auth.go:215.3,216.10 2 1
github.com/ReygaFitra/inc-final-project.git/controller/auth.go:222.3,223.10 2 1
github.com/ReygaFitra/inc-final-project.git/controller/auth.go:230.3,230.23 1 1
github.com/ReygaFitra/inc-final-project.git/controller/auth.go:237.3,242.43 5 1
github.com/ReygaFitra/inc-final-project.git/controller/auth.go:190.24,194.4 3 0
github.com/ReygaFitra/inc-final-project.git/controller/auth.go:196.112,199.4 2 1
github.com/ReygaFitra/inc-final-project.git/controller/auth.go:201.33,205.4 3 0
github.com/ReygaFitra/inc-final-project.git/controller/auth.go:209.10,214.4 4 0
github.com/ReygaFitra/inc-final-project.git/controller/auth.go:216.10,221.4 4 0
github.com/ReygaFitra/inc-final-project.git/controller/auth.go:223.10,228.4 4 0
github.com/ReygaFitra/inc-final-project.git/controller/auth.go:230.23,235.4 4 1
