mode: set
github.com/ReygaFitra/inc-final-project.git/controller/auth.go:25.61,27.16 2 0
github.com/ReygaFitra/inc-final-project.git/controller/auth.go:31.2,46.16 11 0
github.com/ReygaFitra/inc-final-project.git/controller/auth.go:51.2,53.25 2 0
github.com/ReygaFitra/inc-final-project.git/controller/auth.go:27.16,29.3 1 0
github.com/ReygaFitra/inc-final-project.git/controller/auth.go:46.16,49.3 2 0
github.com/ReygaFitra/inc-final-project.git/controller/auth.go:56.39,58.16 2 0
github.com/ReygaFitra/inc-final-project.git/controller/auth.go:62.2,63.30 2 0
github.com/ReygaFitra/inc-final-project.git/controller/auth.go:58.16,60.3 1 0
github.com/ReygaFitra/inc-final-project.git/controller/auth.go:63.30,66.24 2 0
github.com/ReygaFitra/inc-final-project.git/controller/auth.go:74.3,74.112 1 0
github.com/ReygaFitra/inc-final-project.git/controller/auth.go:80.3,80.33 1 0
github.com/ReygaFitra/inc-final-project.git/controller/auth.go:87.3,89.10 3 0
github.com/ReygaFitra/inc-final-project.git/controller/auth.go:95.3,96.10 2 0
github.com/ReygaFitra/inc-final-project.git/controller/auth.go:102.3,103.10 2 0
github.com/ReygaFitra/inc-final-project.git/controller/auth.go:109.3,110.30 2 0
github.com/ReygaFitra/inc-final-project.git/controller/auth.go:116.3,121.43 5 0
github.com/ReygaFitra/inc-final-project.git/controller/auth.go:66.24,72.4 4 0
github.com/ReygaFitra/inc-final-project.git/controller/auth.go:74.112,78.4 2 0
github.com/ReygaFitra/inc-final-project.git/controller/auth.go:80.33,85.4 4 0
github.com/ReygaFitra/inc-final-project.git/controller/auth.go:89.10,94.4 4 0
github.com/ReygaFitra/inc-final-project.git/controller/auth.go:96.10,101.4 4 0
github.com/ReygaFitra/inc-final-project.git/controller/auth.go:103.10,108.4 4 0
github.com/ReygaFitra/inc-final-project.git/controller/auth.go:110.30,114.4 3 0
github.com/ReygaFitra/inc-final-project.git/controller/auth.go:125.43,127.16 2 0
github.com/ReygaFitra/inc-final-project.git/controller/auth.go:131.2,134.48 3 0
github.com/ReygaFitra/inc-final-project.git/controller/auth.go:142.2,143.16 2 0
github.com/ReygaFitra/inc-final-project.git/controller/auth.go:151.2,152.16 2 0
github.com/ReygaFitra/inc-final-project.git/controller/auth.go:160.2,161.16 2 0
github.com/ReygaFitra/inc-final-project.git/controller/auth.go:167.2,170.38 2 0
github.com/ReygaFitra/inc-final-project.git/controller/auth.go:127.16,129.3 1 0
github.com/ReygaFitra/inc-final-project.git/controller/auth.go:134.48,139.3 3 0
github.com/ReygaFitra/inc-final-project.git/controller/auth.go:143.16,148.3 3 0
github.com/ReygaFitra/inc-final-project.git/controller/auth.go:152.16,157.3 3 0
github.com/ReygaFitra/inc-final-project.git/controller/auth.go:161.16,165.3 3 0
github.com/ReygaFitra/inc-final-project.git/controller/auth.go:173.52,179.2 2 0
github.com/ReygaFitra/inc-final-project.git/controller/auth.go:181.41,183.16 2 0
github.com/ReygaFitra/inc-final-project.git/controller/auth.go:187.2,188.30 2 0
github.com/ReygaFitra/inc-final-project.git/controller/auth.go:183.16,185.3 1 0
github.com/ReygaFitra/inc-final-project.git/controller/auth.go:188.30,193.24 2 0
github.com/ReygaFitra/inc-final-project.git/controller/auth.go:200.3,200.112 1 0
github.com/ReygaFitra/inc-final-project.git/controller/auth.go:205.3,205.33 1 0
github.com/ReygaFitra/inc-final-project.git/controller/auth.go:213.3,215.10 3 0
github.com/ReygaFitra/inc-final-project.git/controller/auth.go:221.3,222.10 2 0
github.com/ReygaFitra/inc-final-project.git/controller/auth.go:228.3,229.10 2 0
github.com/ReygaFitra/inc-final-project.git/controller/auth.go:235.3,236.17 2 0
github.com/ReygaFitra/inc-final-project.git/controller/auth.go:242.3,242.29 1 0
github.com/ReygaFitra/inc-final-project.git/controller/auth.go:249.3,254.43 5 0
github.com/ReygaFitra/inc-final-project.git/controller/auth.go:193.24,198.4 4 0
github.com/ReygaFitra/inc-final-project.git/controller/auth.go:200.112,203.4 2 0
github.com/ReygaFitra/inc-final-project.git/controller/auth.go:205.33,211.4 4 0
github.com/ReygaFitra/inc-final-project.git/controller/auth.go:215.10,220.4 4 0
github.com/ReygaFitra/inc-final-project.git/controller/auth.go:222.10,227.4 4 0
github.com/ReygaFitra/inc-final-project.git/controller/auth.go:229.10,234.4 4 0
github.com/ReygaFitra/inc-final-project.git/controller/auth.go:236.17,241.4 4 0
github.com/ReygaFitra/inc-final-project.git/controller/auth.go:242.29,247.4 4 0
github.com/ReygaFitra/inc-final-project.git/controller/auth.go:258.43,260.16 2 0
github.com/ReygaFitra/inc-final-project.git/controller/auth.go:264.2,265.30 2 0
github.com/ReygaFitra/inc-final-project.git/controller/auth.go:260.16,262.3 1 0
github.com/ReygaFitra/inc-final-project.git/controller/auth.go:265.30,268.24 2 0
github.com/ReygaFitra/inc-final-project.git/controller/auth.go:274.3,274.112 1 0
github.com/ReygaFitra/inc-final-project.git/controller/auth.go:279.3,279.33 1 0
github.com/ReygaFitra/inc-final-project.git/controller/auth.go:285.3,287.10 3 0
github.com/ReygaFitra/inc-final-project.git/controller/auth.go:293.3,294.10 2 0
github.com/ReygaFitra/inc-final-project.git/controller/auth.go:300.3,301.10 2 0
github.com/ReygaFitra/inc-final-project.git/controller/auth.go:308.3,308.23 1 0
github.com/ReygaFitra/inc-final-project.git/controller/auth.go:315.3,320.43 5 0
github.com/ReygaFitra/inc-final-project.git/controller/auth.go:268.24,272.4 3 0
github.com/ReygaFitra/inc-final-project.git/controller/auth.go:274.112,277.4 2 0
github.com/ReygaFitra/inc-final-project.git/controller/auth.go:279.33,283.4 3 0
github.com/ReygaFitra/inc-final-project.git/controller/auth.go:287.10,292.4 4 0
github.com/ReygaFitra/inc-final-project.git/controller/auth.go:294.10,299.4 4 0
github.com/ReygaFitra/inc-final-project.git/controller/auth.go:301.10,306.4 4 0
github.com/ReygaFitra/inc-final-project.git/controller/auth.go:308.23,313.4 4 0
github.com/ReygaFitra/inc-final-project.git/controller/bank_account_controller.go:21.62,24.16 2 1
github.com/ReygaFitra/inc-final-project.git/controller/bank_account_controller.go:28.2,31.19 3 1
github.com/ReygaFitra/inc-final-project.git/controller/bank_account_controller.go:37.2,38.63 2 1
github.com/ReygaFitra/inc-final-project.git/controller/bank_account_controller.go:24.16,26.3 1 0
github.com/ReygaFitra/inc-final-project.git/controller/bank_account_controller.go:31.19,35.3 3 1
github.com/ReygaFitra/inc-final-project.git/controller/bank_account_controller.go:41.67,43.16 2 1
github.com/ReygaFitra/inc-final-project.git/controller/bank_account_controller.go:47.2,50.16 3 1
github.com/ReygaFitra/inc-final-project.git/controller/bank_account_controller.go:56.2,57.16 2 1
github.com/ReygaFitra/inc-final-project.git/controller/bank_account_controller.go:63.2,64.69 2 1
github.com/ReygaFitra/inc-final-project.git/controller/bank_account_controller.go:43.16,45.3 1 0
github.com/ReygaFitra/inc-final-project.git/controller/bank_account_controller.go:50.16,54.3 3 1
github.com/ReygaFitra/inc-final-project.git/controller/bank_account_controller.go:57.16,61.3 3 1
github.com/ReygaFitra/inc-final-project.git/controller/bank_account_controller.go:67.70,69.16 2 1
github.com/ReygaFitra/inc-final-project.git/controller/bank_account_controller.go:73.2,76.16 3 1
github.com/ReygaFitra/inc-final-project.git/controller/bank_account_controller.go:82.2,83.25 2 1
github.com/ReygaFitra/inc-final-project.git/controller/bank_account_controller.go:89.2,90.69 2 1
github.com/ReygaFitra/inc-final-project.git/controller/bank_account_controller.go:69.16,71.3 1 0
github.com/ReygaFitra/inc-final-project.git/controller/bank_account_controller.go:76.16,80.3 3 1
github.com/ReygaFitra/inc-final-project.git/controller/bank_account_controller.go:83.25,88.3 3 1
github.com/ReygaFitra/inc-final-project.git/controller/bank_account_controller.go:93.65,95.16 2 0
github.com/ReygaFitra/inc-final-project.git/controller/bank_account_controller.go:99.2,102.13 3 0
github.com/ReygaFitra/inc-final-project.git/controller/bank_account_controller.go:108.2,110.16 3 0
github.com/ReygaFitra/inc-final-project.git/controller/bank_account_controller.go:116.2,116.103 1 0
github.com/ReygaFitra/inc-final-project.git/controller/bank_account_controller.go:122.2,123.16 2 0
github.com/ReygaFitra/inc-final-project.git/controller/bank_account_controller.go:129.2,130.68 2 0
github.com/ReygaFitra/inc-final-project.git/controller/bank_account_controller.go:95.16,97.3 1 0
github.com/ReygaFitra/inc-final-project.git/controller/bank_account_controller.go:102.13,106.3 3 0
github.com/ReygaFitra/inc-final-project.git/controller/bank_account_controller.go:110.16,114.3 3 0
github.com/ReygaFitra/inc-final-project.git/controller/bank_account_controller.go:116.103,120.3 3 0
github.com/ReygaFitra/inc-final-project.git/controller/bank_account_controller.go:123.16,127.3 3 0
github.com/ReygaFitra/inc-final-project.git/controller/bank_account_controller.go:133.52,135.16 2 1
github.com/ReygaFitra/inc-final-project.git/controller/bank_account_controller.go:139.2,142.16 3 1
github.com/ReygaFitra/inc-final-project.git/controller/bank_account_controller.go:148.2,149.25 2 1
github.com/ReygaFitra/inc-final-project.git/controller/bank_account_controller.go:155.2,156.64 2 1
github.com/ReygaFitra/inc-final-project.git/controller/bank_account_controller.go:162.2,162.43 1 1
github.com/ReygaFitra/inc-final-project.git/controller/bank_account_controller.go:168.2,168.85 1 1
github.com/ReygaFitra/inc-final-project.git/controller/bank_account_controller.go:174.2,176.67 3 1
github.com/ReygaFitra/inc-final-project.git/controller/bank_account_controller.go:135.16,137.3 1 0
github.com/ReygaFitra/inc-final-project.git/controller/bank_account_controller.go:142.16,146.3 3 1
github.com/ReygaFitra/inc-final-project.git/controller/bank_account_controller.go:149.25,153.3 3 1
github.com/ReygaFitra/inc-final-project.git/controller/bank_account_controller.go:156.64,160.3 3 0
github.com/ReygaFitra/inc-final-project.git/controller/bank_account_controller.go:162.43,166.3 3 0
github.com/ReygaFitra/inc-final-project.git/controller/bank_account_controller.go:168.85,172.3 3 0
github.com/ReygaFitra/inc-final-project.git/controller/bank_account_controller.go:179.56,181.16 2 1
github.com/ReygaFitra/inc-final-project.git/controller/bank_account_controller.go:185.2,188.16 3 1
github.com/ReygaFitra/inc-final-project.git/controller/bank_account_controller.go:194.2,199.60 4 1
github.com/ReygaFitra/inc-final-project.git/controller/bank_account_controller.go:181.16,183.3 1 0
github.com/ReygaFitra/inc-final-project.git/controller/bank_account_controller.go:188.16,192.3 3 1
github.com/ReygaFitra/inc-final-project.git/controller/bank_account_controller.go:202.64,204.16 2 1
github.com/ReygaFitra/inc-final-project.git/controller/bank_account_controller.go:208.2,211.16 3 1
github.com/ReygaFitra/inc-final-project.git/controller/bank_account_controller.go:217.2,218.16 2 1
github.com/ReygaFitra/inc-final-project.git/controller/bank_account_controller.go:223.2,224.92 2 1
github.com/ReygaFitra/inc-final-project.git/controller/bank_account_controller.go:204.16,206.3 1 0
github.com/ReygaFitra/inc-final-project.git/controller/bank_account_controller.go:211.16,215.3 3 1
github.com/ReygaFitra/inc-final-project.git/controller/bank_account_controller.go:218.16,222.3 3 1
github.com/ReygaFitra/inc-final-project.git/controller/bank_account_controller.go:227.72,232.2 2 1
github.com/ReygaFitra/inc-final-project.git/controller/card_controller.go:21.56,24.16 2 1
github.com/ReygaFitra/inc-final-project.git/controller/card_controller.go:28.2,31.19 3 1
github.com/ReygaFitra/inc-final-project.git/controller/card_controller.go:37.2,38.63 2 1
github.com/ReygaFitra/inc-final-project.git/controller/card_controller.go:24.16,26.3 1 0
github.com/ReygaFitra/inc-final-project.git/controller/card_controller.go:31.19,35.3 3 1
github.com/ReygaFitra/inc-final-project.git/controller/card_controller.go:41.61,43.16 2 1
github.com/ReygaFitra/inc-final-project.git/controller/card_controller.go:47.2,50.16 3 1
github.com/ReygaFitra/inc-final-project.git/controller/card_controller.go:56.2,57.25 2 1
github.com/ReygaFitra/inc-final-project.git/controller/card_controller.go:63.2,64.69 2 1
github.com/ReygaFitra/inc-final-project.git/controller/card_controller.go:43.16,45.3 1 0
github.com/ReygaFitra/inc-final-project.git/controller/card_controller.go:50.16,54.3 3 1
github.com/ReygaFitra/inc-final-project.git/controller/card_controller.go:57.25,61.3 3 1
github.com/ReygaFitra/inc-final-project.git/controller/card_controller.go:67.61,69.16 2 1
github.com/ReygaFitra/inc-final-project.git/controller/card_controller.go:73.2,76.16 3 1
github.com/ReygaFitra/inc-final-project.git/controller/card_controller.go:82.2,83.25 2 1
github.com/ReygaFitra/inc-final-project.git/controller/card_controller.go:89.2,90.69 2 1
github.com/ReygaFitra/inc-final-project.git/controller/card_controller.go:69.16,71.3 1 0
github.com/ReygaFitra/inc-final-project.git/controller/card_controller.go:76.16,80.3 3 1
github.com/ReygaFitra/inc-final-project.git/controller/card_controller.go:83.25,87.3 3 1
github.com/ReygaFitra/inc-final-project.git/controller/card_controller.go:93.57,95.16 2 0
github.com/ReygaFitra/inc-final-project.git/controller/card_controller.go:99.2,102.13 3 0
github.com/ReygaFitra/inc-final-project.git/controller/card_controller.go:108.2,110.16 3 0
github.com/ReygaFitra/inc-final-project.git/controller/card_controller.go:116.2,116.109 1 0
github.com/ReygaFitra/inc-final-project.git/controller/card_controller.go:122.2,123.16 2 0
github.com/ReygaFitra/inc-final-project.git/controller/card_controller.go:129.2,130.68 2 0
github.com/ReygaFitra/inc-final-project.git/controller/card_controller.go:95.16,97.3 1 0
github.com/ReygaFitra/inc-final-project.git/controller/card_controller.go:102.13,106.3 3 0
github.com/ReygaFitra/inc-final-project.git/controller/card_controller.go:110.16,114.3 3 0
github.com/ReygaFitra/inc-final-project.git/controller/card_controller.go:116.109,120.3 3 0
github.com/ReygaFitra/inc-final-project.git/controller/card_controller.go:123.16,127.3 3 0
github.com/ReygaFitra/inc-final-project.git/controller/card_controller.go:133.49,135.16 2 1
github.com/ReygaFitra/inc-final-project.git/controller/card_controller.go:139.2,142.16 3 1
github.com/ReygaFitra/inc-final-project.git/controller/card_controller.go:148.2,149.25 2 1
github.com/ReygaFitra/inc-final-project.git/controller/card_controller.go:155.2,156.64 2 1
github.com/ReygaFitra/inc-final-project.git/controller/card_controller.go:162.2,162.43 1 1
github.com/ReygaFitra/inc-final-project.git/controller/card_controller.go:168.2,168.97 1 1
github.com/ReygaFitra/inc-final-project.git/controller/card_controller.go:173.2,176.67 3 1
github.com/ReygaFitra/inc-final-project.git/controller/card_controller.go:135.16,137.3 1 0
github.com/ReygaFitra/inc-final-project.git/controller/card_controller.go:142.16,146.3 3 1
github.com/ReygaFitra/inc-final-project.git/controller/card_controller.go:149.25,153.3 3 1
github.com/ReygaFitra/inc-final-project.git/controller/card_controller.go:156.64,160.3 3 0
github.com/ReygaFitra/inc-final-project.git/controller/card_controller.go:162.43,166.3 3 0
github.com/ReygaFitra/inc-final-project.git/controller/card_controller.go:168.97,172.3 3 0
github.com/ReygaFitra/inc-final-project.git/controller/card_controller.go:179.53,181.16 2 1
github.com/ReygaFitra/inc-final-project.git/controller/card_controller.go:185.2,188.16 3 1
github.com/ReygaFitra/inc-final-project.git/controller/card_controller.go:193.2,199.63 4 1
github.com/ReygaFitra/inc-final-project.git/controller/card_controller.go:181.16,183.3 1 0
github.com/ReygaFitra/inc-final-project.git/controller/card_controller.go:188.16,191.3 2 1
github.com/ReygaFitra/inc-final-project.git/controller/card_controller.go:202.58,204.16 2 1
github.com/ReygaFitra/inc-final-project.git/controller/card_controller.go:208.2,211.16 3 1
github.com/ReygaFitra/inc-final-project.git/controller/card_controller.go:217.2,218.16 2 1
github.com/ReygaFitra/inc-final-project.git/controller/card_controller.go:224.2,225.87 2 1
github.com/ReygaFitra/inc-final-project.git/controller/card_controller.go:204.16,206.3 1 0
github.com/ReygaFitra/inc-final-project.git/controller/card_controller.go:211.16,215.3 3 1
github.com/ReygaFitra/inc-final-project.git/controller/card_controller.go:218.16,222.3 3 1
github.com/ReygaFitra/inc-final-project.git/controller/card_controller.go:228.63,234.2 2 1
github.com/ReygaFitra/inc-final-project.git/controller/photo_controller.go:24.52,27.16 2 0
github.com/ReygaFitra/inc-final-project.git/controller/photo_controller.go:31.2,34.16 3 0
github.com/ReygaFitra/inc-final-project.git/controller/photo_controller.go:40.2,41.16 2 0
github.com/ReygaFitra/inc-final-project.git/controller/photo_controller.go:47.2,50.16 4 0
github.com/ReygaFitra/inc-final-project.git/controller/photo_controller.go:55.2,57.16 3 0
github.com/ReygaFitra/inc-final-project.git/controller/photo_controller.go:62.2,65.54 3 0
github.com/ReygaFitra/inc-final-project.git/controller/photo_controller.go:70.2,71.16 2 0
github.com/ReygaFitra/inc-final-project.git/controller/photo_controller.go:77.2,82.16 3 0
github.com/ReygaFitra/inc-final-project.git/controller/photo_controller.go:87.2,88.88 2 0
github.com/ReygaFitra/inc-final-project.git/controller/photo_controller.go:27.16,29.3 1 0
github.com/ReygaFitra/inc-final-project.git/controller/photo_controller.go:34.16,38.3 3 0
github.com/ReygaFitra/inc-final-project.git/controller/photo_controller.go:41.16,45.3 3 0
github.com/ReygaFitra/inc-final-project.git/controller/photo_controller.go:50.16,54.3 3 0
github.com/ReygaFitra/inc-final-project.git/controller/photo_controller.go:57.16,61.3 3 0
github.com/ReygaFitra/inc-final-project.git/controller/photo_controller.go:65.54,69.3 3 0
github.com/ReygaFitra/inc-final-project.git/controller/photo_controller.go:71.16,75.3 3 0
github.com/ReygaFitra/inc-final-project.git/controller/photo_controller.go:82.16,86.3 3 0
github.com/ReygaFitra/inc-final-project.git/controller/photo_controller.go:91.54,94.16 2 1
github.com/ReygaFitra/inc-final-project.git/controller/photo_controller.go:98.2,100.16 3 1
github.com/ReygaFitra/inc-final-project.git/controller/photo_controller.go:105.2,106.16 2 1
github.com/ReygaFitra/inc-final-project.git/controller/photo_controller.go:111.2,112.16 2 1
github.com/ReygaFitra/inc-final-project.git/controller/photo_controller.go:117.2,119.114 2 0
github.com/ReygaFitra/inc-final-project.git/controller/photo_controller.go:125.2,126.77 2 0
github.com/ReygaFitra/inc-final-project.git/controller/photo_controller.go:129.2,132.80 4 0
github.com/ReygaFitra/inc-final-project.git/controller/photo_controller.go:94.16,96.3 1 0
github.com/ReygaFitra/inc-final-project.git/controller/photo_controller.go:100.16,104.3 3 1
github.com/ReygaFitra/inc-final-project.git/controller/photo_controller.go:106.16,110.3 3 1
github.com/ReygaFitra/inc-final-project.git/controller/photo_controller.go:112.16,116.3 3 1
github.com/ReygaFitra/inc-final-project.git/controller/photo_controller.go:119.114,123.3 3 0
github.com/ReygaFitra/inc-final-project.git/controller/photo_controller.go:126.77,128.3 1 0
github.com/ReygaFitra/inc-final-project.git/controller/photo_controller.go:135.50,138.16 2 0
github.com/ReygaFitra/inc-final-project.git/controller/photo_controller.go:142.2,145.16 3 0
github.com/ReygaFitra/inc-final-project.git/controller/photo_controller.go:151.2,152.16 2 0
github.com/ReygaFitra/inc-final-project.git/controller/photo_controller.go:158.2,161.16 4 0
github.com/ReygaFitra/inc-final-project.git/controller/photo_controller.go:166.2,168.16 3 0
github.com/ReygaFitra/inc-final-project.git/controller/photo_controller.go:173.2,176.54 3 0
github.com/ReygaFitra/inc-final-project.git/controller/photo_controller.go:181.2,182.16 2 0
github.com/ReygaFitra/inc-final-project.git/controller/photo_controller.go:188.2,193.16 3 0
github.com/ReygaFitra/inc-final-project.git/controller/photo_controller.go:198.2,199.81 2 0
github.com/ReygaFitra/inc-final-project.git/controller/photo_controller.go:138.16,140.3 1 0
github.com/ReygaFitra/inc-final-project.git/controller/photo_controller.go:145.16,149.3 3 0
github.com/ReygaFitra/inc-final-project.git/controller/photo_controller.go:152.16,156.3 3 0
github.com/ReygaFitra/inc-final-project.git/controller/photo_controller.go:161.16,165.3 3 0
github.com/ReygaFitra/inc-final-project.git/controller/photo_controller.go:168.16,172.3 3 0
github.com/ReygaFitra/inc-final-project.git/controller/photo_controller.go:176.54,180.3 3 0
github.com/ReygaFitra/inc-final-project.git/controller/photo_controller.go:182.16,186.3 3 0
github.com/ReygaFitra/inc-final-project.git/controller/photo_controller.go:193.16,197.3 3 0
github.com/ReygaFitra/inc-final-project.git/controller/photo_controller.go:202.52,205.16 2 1
github.com/ReygaFitra/inc-final-project.git/controller/photo_controller.go:209.2,211.16 3 1
github.com/ReygaFitra/inc-final-project.git/controller/photo_controller.go:216.2,218.60 3 1
github.com/ReygaFitra/inc-final-project.git/controller/photo_controller.go:205.16,207.3 1 0
github.com/ReygaFitra/inc-final-project.git/controller/photo_controller.go:211.16,215.3 3 1
github.com/ReygaFitra/inc-final-project.git/controller/photo_controller.go:221.66,226.2 2 1
github.com/ReygaFitra/inc-final-project.git/controller/tx_controller.go:23.69,26.16 2 1
github.com/ReygaFitra/inc-final-project.git/controller/tx_controller.go:30.2,34.16 3 1
github.com/ReygaFitra/inc-final-project.git/controller/tx_controller.go:41.2,42.16 2 1
github.com/ReygaFitra/inc-final-project.git/controller/tx_controller.go:49.2,50.16 2 1
github.com/ReygaFitra/inc-final-project.git/controller/tx_controller.go:57.2,57.36 1 1
github.com/ReygaFitra/inc-final-project.git/controller/tx_controller.go:65.2,66.53 2 1
github.com/ReygaFitra/inc-final-project.git/controller/tx_controller.go:73.2,77.64 3 1
github.com/ReygaFitra/inc-final-project.git/controller/tx_controller.go:84.2,85.103 2 1
github.com/ReygaFitra/inc-final-project.git/controller/tx_controller.go:26.16,28.3 1 0
github.com/ReygaFitra/inc-final-project.git/controller/tx_controller.go:34.16,38.3 3 1
github.com/ReygaFitra/inc-final-project.git/controller/tx_controller.go:42.16,46.3 3 1
github.com/ReygaFitra/inc-final-project.git/controller/tx_controller.go:50.16,54.3 3 1
github.com/ReygaFitra/inc-final-project.git/controller/tx_controller.go:57.36,62.3 3 1
github.com/ReygaFitra/inc-final-project.git/controller/tx_controller.go:66.53,70.3 3 1
github.com/ReygaFitra/inc-final-project.git/controller/tx_controller.go:77.64,81.3 3 1
github.com/ReygaFitra/inc-final-project.git/controller/tx_controller.go:88.69,90.16 2 1
github.com/ReygaFitra/inc-final-project.git/controller/tx_controller.go:94.2,98.16 3 1
github.com/ReygaFitra/inc-final-project.git/controller/tx_controller.go:103.2,104.16 2 1
github.com/ReygaFitra/inc-final-project.git/controller/tx_controller.go:109.2,110.16 2 1
github.com/ReygaFitra/inc-final-project.git/controller/tx_controller.go:116.2,116.36 1 1
github.com/ReygaFitra/inc-final-project.git/controller/tx_controller.go:123.2,124.53 2 1
github.com/ReygaFitra/inc-final-project.git/controller/tx_controller.go:131.2,135.64 3 1
github.com/ReygaFitra/inc-final-project.git/controller/tx_controller.go:142.2,143.103 2 1
github.com/ReygaFitra/inc-final-project.git/controller/tx_controller.go:90.16,92.3 1 0
github.com/ReygaFitra/inc-final-project.git/controller/tx_controller.go:98.16,102.3 3 1
github.com/ReygaFitra/inc-final-project.git/controller/tx_controller.go:104.16,108.3 3 1
github.com/ReygaFitra/inc-final-project.git/controller/tx_controller.go:110.16,114.3 3 1
github.com/ReygaFitra/inc-final-project.git/controller/tx_controller.go:116.36,120.3 3 1
github.com/ReygaFitra/inc-final-project.git/controller/tx_controller.go:124.53,128.3 3 1
github.com/ReygaFitra/inc-final-project.git/controller/tx_controller.go:135.64,139.3 3 1
github.com/ReygaFitra/inc-final-project.git/controller/tx_controller.go:146.68,148.16 2 1
github.com/ReygaFitra/inc-final-project.git/controller/tx_controller.go:152.2,156.16 3 1
github.com/ReygaFitra/inc-final-project.git/controller/tx_controller.go:161.2,162.16 2 1
github.com/ReygaFitra/inc-final-project.git/controller/tx_controller.go:169.2,170.16 2 1
github.com/ReygaFitra/inc-final-project.git/controller/tx_controller.go:175.2,175.36 1 1
github.com/ReygaFitra/inc-final-project.git/controller/tx_controller.go:182.2,183.53 2 1
github.com/ReygaFitra/inc-final-project.git/controller/tx_controller.go:190.2,193.63 2 1
github.com/ReygaFitra/inc-final-project.git/controller/tx_controller.go:204.2,205.106 2 1
github.com/ReygaFitra/inc-final-project.git/controller/tx_controller.go:148.16,150.3 1 0
github.com/ReygaFitra/inc-final-project.git/controller/tx_controller.go:156.16,160.3 3 1
github.com/ReygaFitra/inc-final-project.git/controller/tx_controller.go:162.16,166.3 3 1
github.com/ReygaFitra/inc-final-project.git/controller/tx_controller.go:170.16,174.3 3 1
github.com/ReygaFitra/inc-final-project.git/controller/tx_controller.go:175.36,179.3 3 1
github.com/ReygaFitra/inc-final-project.git/controller/tx_controller.go:183.53,187.3 3 1
github.com/ReygaFitra/inc-final-project.git/controller/tx_controller.go:193.63,194.44 1 1
github.com/ReygaFitra/inc-final-project.git/controller/tx_controller.go:194.44,198.4 3 1
github.com/ReygaFitra/inc-final-project.git/controller/tx_controller.go:198.9,202.4 3 1
github.com/ReygaFitra/inc-final-project.git/controller/tx_controller.go:208.77,210.16 2 1
github.com/ReygaFitra/inc-final-project.git/controller/tx_controller.go:214.2,218.51 3 1
github.com/ReygaFitra/inc-final-project.git/controller/tx_controller.go:224.2,225.16 2 1
github.com/ReygaFitra/inc-final-project.git/controller/tx_controller.go:232.2,233.16 2 1
github.com/ReygaFitra/inc-final-project.git/controller/tx_controller.go:239.2,240.16 2 1
github.com/ReygaFitra/inc-final-project.git/controller/tx_controller.go:246.2,246.41 1 0
github.com/ReygaFitra/inc-final-project.git/controller/tx_controller.go:252.2,253.16 2 0
github.com/ReygaFitra/inc-final-project.git/controller/tx_controller.go:259.2,260.68 2 0
github.com/ReygaFitra/inc-final-project.git/controller/tx_controller.go:210.16,212.3 1 0
github.com/ReygaFitra/inc-final-project.git/controller/tx_controller.go:218.51,222.3 3 1
github.com/ReygaFitra/inc-final-project.git/controller/tx_controller.go:225.16,229.3 3 1
github.com/ReygaFitra/inc-final-project.git/controller/tx_controller.go:233.16,237.3 3 1
github.com/ReygaFitra/inc-final-project.git/controller/tx_controller.go:240.16,244.3 3 1
github.com/ReygaFitra/inc-final-project.git/controller/tx_controller.go:246.41,249.3 2 0
github.com/ReygaFitra/inc-final-project.git/controller/tx_controller.go:253.16,257.3 3 0
github.com/ReygaFitra/inc-final-project.git/controller/tx_controller.go:262.75,264.16 2 1
github.com/ReygaFitra/inc-final-project.git/controller/tx_controller.go:268.2,272.16 3 1
github.com/ReygaFitra/inc-final-project.git/controller/tx_controller.go:277.2,278.16 2 1
github.com/ReygaFitra/inc-final-project.git/controller/tx_controller.go:284.2,286.16 2 1
github.com/ReygaFitra/inc-final-project.git/controller/tx_controller.go:292.2,293.16 2 1
github.com/ReygaFitra/inc-final-project.git/controller/tx_controller.go:300.2,301.52 2 1
github.com/ReygaFitra/inc-final-project.git/controller/tx_controller.go:307.2,308.27 2 1
github.com/ReygaFitra/inc-final-project.git/controller/tx_controller.go:314.2,314.31 1 1
github.com/ReygaFitra/inc-final-project.git/controller/tx_controller.go:321.2,326.16 4 1
github.com/ReygaFitra/inc-final-project.git/controller/tx_controller.go:332.2,333.103 2 1
github.com/ReygaFitra/inc-final-project.git/controller/tx_controller.go:264.16,266.3 1 0
github.com/ReygaFitra/inc-final-project.git/controller/tx_controller.go:272.16,276.3 3 1
github.com/ReygaFitra/inc-final-project.git/controller/tx_controller.go:278.16,282.3 3 1
github.com/ReygaFitra/inc-final-project.git/controller/tx_controller.go:286.16,290.3 3 0
github.com/ReygaFitra/inc-final-project.git/controller/tx_controller.go:293.16,297.3 3 1
github.com/ReygaFitra/inc-final-project.git/controller/tx_controller.go:301.52,306.3 4 1
github.com/ReygaFitra/inc-final-project.git/controller/tx_controller.go:308.27,313.3 4 0
github.com/ReygaFitra/inc-final-project.git/controller/tx_controller.go:314.31,319.3 4 0
github.com/ReygaFitra/inc-final-project.git/controller/tx_controller.go:326.16,330.3 3 0
github.com/ReygaFitra/inc-final-project.git/controller/tx_controller.go:336.67,338.16 2 1
github.com/ReygaFitra/inc-final-project.git/controller/tx_controller.go:342.2,345.16 3 1
github.com/ReygaFitra/inc-final-project.git/controller/tx_controller.go:352.2,353.16 2 1
github.com/ReygaFitra/inc-final-project.git/controller/tx_controller.go:359.2,360.16 2 1
github.com/ReygaFitra/inc-final-project.git/controller/tx_controller.go:366.2,367.60 2 1
github.com/ReygaFitra/inc-final-project.git/controller/tx_controller.go:338.16,340.3 1 0
github.com/ReygaFitra/inc-final-project.git/controller/tx_controller.go:345.16,349.3 3 1
github.com/ReygaFitra/inc-final-project.git/controller/tx_controller.go:353.16,357.3 3 1
github.com/ReygaFitra/inc-final-project.git/controller/tx_controller.go:360.16,364.3 3 1
github.com/ReygaFitra/inc-final-project.git/controller/tx_controller.go:370.165,378.2 2 1
github.com/ReygaFitra/inc-final-project.git/controller/user_controller.go:22.54,25.16 2 1
github.com/ReygaFitra/inc-final-project.git/controller/user_controller.go:29.2,32.16 3 1
github.com/ReygaFitra/inc-final-project.git/controller/user_controller.go:38.2,39.60 2 1
github.com/ReygaFitra/inc-final-project.git/controller/user_controller.go:25.16,27.3 1 0
github.com/ReygaFitra/inc-final-project.git/controller/user_controller.go:32.16,36.3 3 1
github.com/ReygaFitra/inc-final-project.git/controller/user_controller.go:42.63,45.16 2 1
github.com/ReygaFitra/inc-final-project.git/controller/user_controller.go:49.2,52.16 4 1
github.com/ReygaFitra/inc-final-project.git/controller/user_controller.go:57.2,58.60 2 1
github.com/ReygaFitra/inc-final-project.git/controller/user_controller.go:45.16,47.3 1 0
github.com/ReygaFitra/inc-final-project.git/controller/user_controller.go:52.16,56.3 3 1
github.com/ReygaFitra/inc-final-project.git/controller/user_controller.go:61.53,64.16 2 1
github.com/ReygaFitra/inc-final-project.git/controller/user_controller.go:68.2,70.47 3 1
github.com/ReygaFitra/inc-final-project.git/controller/user_controller.go:76.2,76.154 1 1
github.com/ReygaFitra/inc-final-project.git/controller/user_controller.go:82.2,83.16 2 1
github.com/ReygaFitra/inc-final-project.git/controller/user_controller.go:89.2,90.65 2 1
github.com/ReygaFitra/inc-final-project.git/controller/user_controller.go:64.16,66.3 1 0
github.com/ReygaFitra/inc-final-project.git/controller/user_controller.go:70.47,74.3 3 1
github.com/ReygaFitra/inc-final-project.git/controller/user_controller.go:76.154,80.3 3 1
github.com/ReygaFitra/inc-final-project.git/controller/user_controller.go:83.16,87.3 3 1
github.com/ReygaFitra/inc-final-project.git/controller/user_controller.go:93.62,96.16 2 1
github.com/ReygaFitra/inc-final-project.git/controller/user_controller.go:100.2,104.16 4 1
github.com/ReygaFitra/inc-final-project.git/controller/user_controller.go:111.2,112.25 2 1
github.com/ReygaFitra/inc-final-project.git/controller/user_controller.go:119.2,120.64 2 1
github.com/ReygaFitra/inc-final-project.git/controller/user_controller.go:127.2,127.43 1 1
github.com/ReygaFitra/inc-final-project.git/controller/user_controller.go:134.2,135.23 2 1
github.com/ReygaFitra/inc-final-project.git/controller/user_controller.go:140.2,141.68 2 1
github.com/ReygaFitra/inc-final-project.git/controller/user_controller.go:96.16,98.3 1 0
github.com/ReygaFitra/inc-final-project.git/controller/user_controller.go:104.16,108.3 3 1
github.com/ReygaFitra/inc-final-project.git/controller/user_controller.go:112.25,116.3 3 1
github.com/ReygaFitra/inc-final-project.git/controller/user_controller.go:120.64,124.3 3 0
github.com/ReygaFitra/inc-final-project.git/controller/user_controller.go:127.43,131.3 3 1
github.com/ReygaFitra/inc-final-project.git/controller/user_controller.go:135.23,139.3 3 0
github.com/ReygaFitra/inc-final-project.git/controller/user_controller.go:144.56,147.16 2 1
github.com/ReygaFitra/inc-final-project.git/controller/user_controller.go:151.2,155.16 4 1
github.com/ReygaFitra/inc-final-project.git/controller/user_controller.go:162.2,163.25 2 1
github.com/ReygaFitra/inc-final-project.git/controller/user_controller.go:170.2,171.64 2 1
github.com/ReygaFitra/inc-final-project.git/controller/user_controller.go:178.2,178.43 1 1
github.com/ReygaFitra/inc-final-project.git/controller/user_controller.go:185.2,186.23 2 1
github.com/ReygaFitra/inc-final-project.git/controller/user_controller.go:192.2,193.68 2 1
github.com/ReygaFitra/inc-final-project.git/controller/user_controller.go:147.16,149.3 1 0
github.com/ReygaFitra/inc-final-project.git/controller/user_controller.go:155.16,159.3 3 1
github.com/ReygaFitra/inc-final-project.git/controller/user_controller.go:163.25,167.3 3 1
github.com/ReygaFitra/inc-final-project.git/controller/user_controller.go:171.64,175.3 3 0
github.com/ReygaFitra/inc-final-project.git/controller/user_controller.go:178.43,182.3 3 1
github.com/ReygaFitra/inc-final-project.git/controller/user_controller.go:186.23,190.3 3 0
github.com/ReygaFitra/inc-final-project.git/controller/user_controller.go:196.50,199.16 2 1
github.com/ReygaFitra/inc-final-project.git/controller/user_controller.go:203.2,211.60 6 1
github.com/ReygaFitra/inc-final-project.git/controller/user_controller.go:199.16,201.3 1 0
github.com/ReygaFitra/inc-final-project.git/controller/user_controller.go:214.70,219.2 2 1
github.com/ReygaFitra/inc-final-project.git/controller/user_controller.go:221.68,223.16 2 0
github.com/ReygaFitra/inc-final-project.git/controller/user_controller.go:227.2,228.30 2 0
github.com/ReygaFitra/inc-final-project.git/controller/user_controller.go:223.16,225.3 1 0
github.com/ReygaFitra/inc-final-project.git/controller/user_controller.go:228.30,234.24 3 0
github.com/ReygaFitra/inc-final-project.git/controller/user_controller.go:241.3,241.112 1 0
github.com/ReygaFitra/inc-final-project.git/controller/user_controller.go:245.3,245.33 1 0
github.com/ReygaFitra/inc-final-project.git/controller/user_controller.go:253.3,255.10 3 0
github.com/ReygaFitra/inc-final-project.git/controller/user_controller.go:261.3,262.10 2 0
github.com/ReygaFitra/inc-final-project.git/controller/user_controller.go:268.3,270.10 2 0
github.com/ReygaFitra/inc-final-project.git/controller/user_controller.go:277.3,278.17 2 0
github.com/ReygaFitra/inc-final-project.git/controller/user_controller.go:285.3,286.19 2 0
github.com/ReygaFitra/inc-final-project.git/controller/user_controller.go:292.3,292.34 1 0
github.com/ReygaFitra/inc-final-project.git/controller/user_controller.go:300.3,305.44 5 0
github.com/ReygaFitra/inc-final-project.git/controller/user_controller.go:234.24,239.4 4 0
github.com/ReygaFitra/inc-final-project.git/controller/user_controller.go:241.112,243.4 1 0
github.com/ReygaFitra/inc-final-project.git/controller/user_controller.go:245.33,251.4 4 0
github.com/ReygaFitra/inc-final-project.git/controller/user_controller.go:255.10,260.4 4 0
github.com/ReygaFitra/inc-final-project.git/controller/user_controller.go:262.10,267.4 4 0
github.com/ReygaFitra/inc-final-project.git/controller/user_controller.go:270.10,275.4 4 0
github.com/ReygaFitra/inc-final-project.git/controller/user_controller.go:278.17,283.4 4 0
github.com/ReygaFitra/inc-final-project.git/controller/user_controller.go:286.19,290.4 3 0
github.com/ReygaFitra/inc-final-project.git/controller/user_controller.go:292.34,298.4 4 0
